500
0 3584 6593 6915 7590 257 1386 6541 9838 3759 5715 8387 79 3196 9341 2555
1 2817 3620 3468 9159 4809 8972 7684 2129 1010 8021 6532 186 1019 8977 7413
2 9889 9379 7652 1926 9289 3371 1134 5937 978 788 3061 8822 9662
3 1839 3819 9035 2988 2701 7598 5711 656 9746 2003 2069 7575 2811 3069
4 8768 5634 4901 4297 2762 3467 5869 4765 7153 3412 9237 1947 4957 7487
5 5632 3808 2339 2340 1863 9132 1558 7927 7352 8762 3963 9533 5439
6 2288 7234 2244 3334 6825 9260 6925 6606 7024 5204 9559 1113 2844 5598
7 935 5384 2281 9450 6839 3820 8525 8111 2288 5107 6613 1943 6584 7642 4271
8 321 2693 7302 1863 8137 6030 1807 1489 7438 2963 5237 9434 6524 8511
9 4578 5636 7591 426 5774 5553 6226 7982 4855 410 2334 7189
10 7617 5122 7555 3045 8551 5004 6511 3185 8821 2327 3032 8636 4765 3134 677
11 6881 866 3843 2950 2503 7243 5070 4049 6995 1195 4601 6238
12 8064 2625 4507 453 9793 2346 4333 3538 2359 7512 1600 6011 2555
13 1954 9795 9285 2630 7665 6537 7786 4039 3341 5265 7762 4243 1780 8533 5977 8346 4531 4346 3921 3509
14 6529 1091 4484 4679 7625 7786 6512 3187 5015 7699 3012 6938 2173 1726
15 3371 5196 6698 7499 1196 2766 8625 8850 4280 8443 8351
16 8736 417 3685 8136 9244 7338 8352 79 2833 6835 2517 3894 1116 1566 1663
17 833 2129 5130 9245 5199 3985 9235 3830 6681 6511 6812 8477 979 865
18 2177 483 8038 9385 9070 5519 8624 5041 1763 7222 3418 1179 9968
19 4001 5026 3105 9127 6956 6131 8278 8979 8089 6430 4863
20 4176 4100 3045 2246 3400 2598 8236 560 3217 7762 5651 3877 1014 90 1630 4607
21 4480 1232 2563 5412 7045 6144 4552 6890 684 6254 592 4624 1268 5526 7486
22 6048 5376 8677 774 4295 7048 2413 2767 2833 4498 9777 1719 5883 2942 5407
23 6336 129 9894 9542 7336 2057 1002 2155 3282 3603 4724 4134 9692 2750
24 8406 8643 4804 4133 4870 357 4919 332 3311 8210 373 950 2933 6459 9375
25 9761 4293 5385 74 235 6030 1904 7928 2322 4179 3765 5143 1080 6745 8445
26 1889 3074 4113 2066 3421 816 504 1266 3800 1625 6139 413 9630
27 7712 4379 8431 4955 4908 399 9808 5362 5812 2329 8059
28 6304 8507 7542 2505 5450 5517 8431 565 6838 1559 9531 4330
29 321 8130 179 7591 4209 3821 4113 2962 4147 6901 3417 7450 1317
30 2 3493 4843 1039 3760 2360 6871 6328 4251 7580 5573
31 6210 7179 7526 2567 2823 498 4378 8315 8957 4895
32 8192 2240 6411 2259 8244 216 2425 7066 478
33 9410 1956 711 3466 7399 9154 1071 944 8113 4085 2997
34 8800 3937 9347 420 3126 6406 8769 4840 199 7213 4494 79 9842 5748 6806 2776 7673 8027 5244 2302 447
35 6379 3461 6248 1052 1483 8269 3792 7699 921 9018 1179 1180 3453
36 2945 8808 8125 1930 2962 6397 9394 6133 534 4377 4728 4121 6429 5854
37 3553 7874 2043 2821 9830 2630 5617 7225 1690 7227 3579 9498 5182 2591
38 2816 8419 612 3464 585 8491 2092 2958 4850 9371 7896 5818 9407 475 9087
39 2240 8419 933 3942 1255 8337 7981 1806 975 9425 1490 3877 7575 2138 1211 8445 5950 2929
40 6658 1733 1417 8994 815 7089 6195 3254 7704 2265 8510
41 1547 5612 5869 2032 7153 659 9044 8981 3446 5304 4826 219 9853
42 2208 6432 1157 4548 3525 6662 8040 6153 9898 6668 9666 1390 7949 8976 977 4343 5880 6619 8284 5407
43 1376 3232 9139 3012 5971 6483 3795 5977 9210 3484 7306 1278
44 7619 5605 1219 3164 7762 1235 1524 8117 7864 4570 3899 5820 6325
45 5264 2 456 7526 1190 1095 5200 3145 8074 2962 7949 5648 4177 434 3316 6774 2360 6001
46 8704 7617 4930 5670 9387 1196 3053 2224 4982 8314 5917 9087
47 5216 1473 1794 8323 6118 870 705 6343 6978 2960 5012 6107 3772 5981
48 1280 4418 2444 9898 1515 7244 3565 2893 9968 9937 7283 8125 3063 5583 8413 2175
49 9284 2660 9289 4526 2596 7699 6904 1561 6874 3517 9375
50 2818 5 2278 9928 76 6044 5452 9453 7342 9839 8776 1428 1406 9622 183 9657 5180 6376 9822 3653
51 9282 5255 9545 1098 3628 8973 7117 3505 2643 1113 2936 2937 1020 5130
52 6976 6134 1897 4523 3886 6967 9557 1302 2679 2495 6013 927
53 6784 5154 713 810 2962 6830 8017 9330 2548 6190 1208 991 4958 1951
54 2721 355 1668 935 5160 2795 4461 9007 9551 5905 7666 8019 8599 2552 5247 4733 9695
55 7350 936 8235 3917 8942 9358 5942 5819 9853 8830 8383
56 2755 2918 1553 6792 7817 7050 780 4528 4840 2738 2121 9562 2876
57 7686 3815 1481 9495 1201 5072 1297 6386 2644 1238 3383 728 3545 7610 6526
58 1376 2667 935 3497 1463 12 9842 3540 3285 1782 4681 7770 2459
59 3586 6979 7076 1445 5479 7335 3917 5551 51 7156 1950 8282 5790 2437
60 3936 6817 1346 4452 7269 6760 8491 2451 8048 5939 7092 88 5780 2301
61 6306 5731 838 3911 8906 4145 5332 2423 3892 3962 1979
62 2240 7171 8356 6758 6791 6380 3756 1457 852 7413 2249 4985 1338
63 2496 4579 1509 2696 9610 847 7890 9331 2391 7839 1727
64 4289 4899 3013 519 5962 2013 4406 9814 2721 7642 6747 7229
65 3728 3333 9422 1007 6416 1460 470 569 5300 1659 957
66 3936 8674 3043 5892 3909 935 1736 9996 6989 6258 7443 4532 8446 2110
67 7296 2626 2019 7012 2962 7206 9960 2409 674 9390 9848 7698 5748 8983 5912 2905 7740 7645 4222 4927
68 2112 4893 3229 4327 2920 937 8586 4939 5902 3439 656 5905 9108 438 7895 9946 9149 7367 7333
69 8624 9219 5637 2311 1299 5927 2864 467 820 86 6072 412 1503
70 4416 2858 8068 8426 7048 6281 1706 6091 1949 6001 9075 3146 2425 2362 6410 5726
71 4896 5697 194 5222 3563 4780 3345 5588 7678 4502 9244 2430
72 1043 8930 2275 3621 1320 2986 3500 1613 1789 8912 3409 9650 5267 8994 3103 9084 2141 2975
73 8193 8994 7734 7371 7885 1811 6900 8894 4854 6108 2430 1125
74 9545 6747 6427 2828 1259 1100 7825 9938 6153 7352 314 2395 9661 286
75 8098 4997 1289 6890 2989 2643 7412 3544 7924 1434 7397
76 9671 7400 775 8396 8018 9845 6358 4695 2567 6971 5244 3901
77 5281 9315 132 647 9160 321 4377 5677 238 6703 9137 8628 1685 8854 5465 9156 2875 4476 7453
78 8125 2178 7652 3559 802 5097 2013 1698 6957 2032 3667 6101 6850 3322 5275 3325
79 2304 4167 4652 1646 4687 3024 6516 3614 8015 1853 2782 6805
80 9667 3012 6565 1640 6985 587 7852 7921 3602 7383 572 445
81 192 6688 3845 7494 8298 4588 1453 3693 9301 6487 7486 2240
82 6699 2878 773 1703 7624 9545 8363 7701 8493 4277 9014 2551 5054 7903
83 4481 1635 9092 321 1128 6224 4531 8406 984 4575 2493 831
84 6336 1761 3780 6885 1734 3303 232 8809 1547 4109 6637 4337 5715 5336 1252 9709
85 3840 4226 9508 2694 4103 8105 1131 6855 3566 5359 9362 7438 7927 5752
86 1216 4587 3653 1895 3336 5546 8971 6520 693 6103 9304 7289 2109 5719
87 2338 2083 2820 519 3144 8455 8622 2155 1844 9685 8452 3642 2909
88 129 1798 8897 4013 845 1181 2625 9681 8790 1879 5977 3836 3837
89 1792 2306 7235 8934 2953 2795 3586 8238 3823 2704 8978 809 506 2383
90 2464 4929 5506 419 8612 2306 6445 9904 9635 9174 4631 4985 3034 2909 5662
91 8736 4577 4773 967 2856 6858 7277 2128 7697 6938 1147 828 8286
92 8768 3810 9507 1668 9635 8431 5107 5364 6979 7229 382
93 3841 3938 1979 6824 3383 4812 2477 5138 1431 5019 3902 7903
94 1984 4033 2818 4731 6054 9833 8361 3082 140 1071 9456 5905 336 407 7000 9723 7153
95 1441 1315 1668 6023 8711 7209 5895 8399 3600 8688 6199 5049 2682 858
96 8601 432 2107 9478 839 4168 3465 3052 2735 4464 4561 7731 9812 8899 9721 3097 7227 5628 8830
97 897 4772 7428 9096 3050 4883 8885 8568 2468 6613 4895
98 2050 7547 3556 6630 2340 1165 7503 1811 2008 3853 4751 8668
99 7296 2369 9187 2340 4645 3910 5258 1968 9571 2902 822 7831 5976 6054 9085 389
100 3168 5473 385 5544 4425 9197 781 6254 783 9842 6614 9545 28 7550
101 512 2337 2123 1675 8965 4806 6667 7219 7968 7153 9842 8003 4934 148 1694 9439
102 6304 3744 1435 2692 9957 1287 5160 3561 2962 658 3411 6071 9114 6203 159
103 4608 3169 6502 3910 4109 7439 1040 7090 3860 8181 4624 9848 2460 9917 6293
104 1347 869 4326 9735 8007 8239 9969 5534 4406 9400 5722 184 9404 9758
105 9538 867 8404 2501 3144 2539 6768 1300 1496 2905 6170 6427 5532 6238
106 2465 7107 1668 2406 4934 5129 2533 110 6703 7216 1972 1237 3448 2005
107 4802 9731 1060 6182 5064 5897 3562 173 398 2034 9230 2039 1244 9533 9886
108 321 9538 8995 6534 2790 199 1721 7882 5762 564 913 8125 5076 5045 5527 2104 5465 9135 216 1117 5150
109 5448 1895 936 9007 2769 4370 5715 4212 7959 3129 2939 9020
110 9571 37 4551 6478 4080 8291 3286 5847 9309 6213 7135
111 6177 4740 168 3246 4680 9203 3894 3417 7097 4979 5437 2046
112 1603 8678 3143 1416 1707 4529 9204 8152 4020
113 8513 1668 7015 7240 5353 561 7081 251 4734 6591
114 1952 5921 8451 8488 3849 3936 5245 3216 4145 3491 4757 8713 4379 2749 8606 9621
115 1729 7652 1206 8009 8716 6061 1681 7382 7383 1657 2907 1245 1279
116 7873 9411 8935 6273 585 3527 9007 6856 5173 1465 8570 4667 1852 9374
117 7778 3812 3912 9484 3179 1612 6935 1496 1401 7996 3838
118 2 9979 9222 4875 4461 1007 4880 3954 7895 4059 8158
119 7394 1958 2536 4874 6795 3184 657 3442 6778 3419 3836 7261
120 3211 1668 7717 646 808 2377 5258 6123 8815 9713 6002 7093 87
121 2240 3170 2853 8716 3018 1740 3106 912 7858 5715 3317 2949 345 9322 607
122 6368 8994 9288 5417 1324 430 8879 8913 8056 4665
123 3074 7075 8012 7340 9421 6861 9709 1299 7094 2583 5467 9599 5341 6111
124 4609 1733 1340 7242 3371 1102 4559 4241 2620 2909 7365
125 5796 9861 3528 9852 3012 3309 1134 9007 2960 8186 6258 6870 2327 2041 3738 1916 5085 2751
126 5442 5703 3624 1801 1515 5517 1774 9455 7955 3447 8281 1353
127 9056 9026 6442 1516 1038 9299 3830 7416 346 3004 1370 8799
128 5856 7429 7878 7367 8393 6122 3915 8301 2986 5848 4594 5492 4789 3032 1050 218
129 2881 2 3525 8040 2825 4555 4780 2317 782 7055 6897 9746 7692 2589 2718 2604
130 5762 9219 3089 2725 743 1129 9287 8498 1550 3121 4562 6243 4628 3982 7830 5402 4604
131 6690 6500 6310 7847 3371 3852 910 4026 6293 536 7001 9498 5789
132 9545 3907 2052 4037 8521 9392 3891 5940 7350 41 8120 8893 7070
133 6656 5715 2946 8684 485 5478 5804 8362 1867 9548 7706 9939 5958 4628 474 5533 7294 7834
134 3504 580 1445 999 4526 4527 3024 274 7285 5686 4154 7899 8534 6629
135 2240 9985 2690 4197 6663 488 265 5451 2 4911 6003 2951 4089 8815 9533 199
136 5024 9301 3877 3272 6062 79 1778 9555 3934 7606 6327 8575 9790 6207
137 8897 3492 8613 3495 3016 8714 6855 1458 6039 8027 9117
138 5729 8227 5766 3943 8969 4619 7756 5870 83 1774 5399 953 4698 8572 3069
139 7521 8962 6085 6663 7786 3554 2479 8208 4578 6582
140 6587 5028 8293 4407 5388 8622 8660 9909 3479 8953 9210 7354 6202
141 8227 8772 8809 1291 6124 5423 5715 8387 6740 5205 3094 937 3012 2812
142 7883 6820 4711 7083 4812 6800 2008 7506 6995 9845 9592 251 5885
143 9805 8513 866 8907 1692 4458 4028 4013 8239 8819 2745 7059 3966
144 3459 709 5544 6986 8525 4462 4269 2513 6499 9812 9046 856 1370 111 3356 8989
145 9347 3830 8426 5500 874 2220 2350 4399 2321 5748 9942 183 9817 3995 7836 7677
146 3758 102 9069 9358 7408 4563 4916 3566 9976 2555 2460 8734 4981
147 1728 1412 3717 3558 8614 9484 7659 8876 8081 8466 6740 6217 6938 5211 2897 6687
148 2 6947 2180 7334 6406 9511 6760 8103 8855 9842 4209 8274 9717 3447 2526
149 528 3204 6054 9894 7437 7663 4080 9460 7733 4727 9556 9852 3773
150 4000 1921 4004 6983 366 3954 9237 1817 558 3262 4639
151 3012 4617 4106 6349 206 3343 1148 531 6101 2230 600 9817 1852
152 8832 899 9033 3885 6671 2352 6388 1941 9880 7609 6267 8765
153 1632 3936 6340 9222 167 2058 6730 6221 4561 2482 3381 6651 6973 5042
154 2062 1792 5987 8842 9131 7182 3907 9845 9590 1273 3225 9579 2013
155 8320 6848 3746 2820 2694 7200 8713 9387 7152 6870 6008 732
156 4064 64 8994 9764 6503 9676 3053 7826 8469 9110 1975 7356 3797
157 7232 7810 3377 9512 2121 1552 9800 4116 7797 2868 6908 6943
158 321 1635 4583 7001 3887 5461 6167 3161 4892 6717 4479
159 2336 4131 5926 72 9291 7438 3057 9939 1557 3611 2555 7899
160 1217 1448 3786 2029 9742 1200 9651 9882 1342
161 4417 8836 6822 3722 4619 3917 238 2986 1656 7826 3925 3416 7652 1084 362
162 3936 8641 1219 4932 7976 6537 2539 7309 2728 1014 3511 1529 2458
163 4583 8744 5706 5424 7992 9075 7989 3767 6456 57 7514 6010
164 4704 3298 9797 5175 3567 8305 2962 7415 5432 5402 4573 510
165 8031 2891 6054 8681 5419 3231 9422 4239 8689 6511 5333 7930 9019 9692 427 1790 9269
166 97 9250 7620 3470 5521 1586 979 7188 4088 6429 2526 511
167 1506 4326 1894 8072 6633 2539 4303 1906 55 2590 3679
168 2240 8257 804 5543 7689 2091 2124 7123 1844 6710 9848 569 4199 6780 7485 9630
169 8224 7137 548 6465 6572 5292 9712 7697 5178 9540 3546 4155 5725 9086
170 4065 2659 9795 5702 7270 3083 6547 2264 9938 8755 469 8915 568 346 6139
171 3842 3349 9031 108 2986 619 3084 1294 879 2865 2804 9973 46 2170 4765 9023
172 2946 1350 2599 360 3913 6282 427 7852 8162 1749 7516 4317 9566 597
173 2275 3270 7240 6794 2924 1582 2895 1328 776 306 6211 6836 7278 55 5401 4314 4234 3486 7967
174 7392 1665 3877 168 3401 2218 3004 5263 6548 3434 5814 6089 3476 9755 1852 1514
175 321 2594 7427 7783 9199 5173 3894 5624 6813 1023
176 2688 6851 6695 6313 745 1581 9294 2447 1731 4094 8854 6519 7676 6302 1397
177 3584 7344 6594 2569 8439 9902 2832 6962 503 5560 6425 9082 4379 7389
178 8224 3264 8994 9539 5412 3077 742 1288 2288 1752 6098 2067 9160 7511 2456 6054 7963 3612 8134
179 4352 131 5317 9126 1704 1321 7626 6416 7992 1138 6438 8824 220 7082 9759
180 8480 358 9606 1605 1770 3818 3686 9326 9709 5490 3758 7864 6557 7935
181 5952 9006 5917 9200 3953 5493 6038 8728 3931 622 5269
182 3205 9511 2322 7471 5554 5427 3413 9239 1273 2643 3453 8798 3167
183 8771 8389 1286 7214 8175 5456 851 2452 3255 5112 2590
184 2327 7296 8194 6883 935 1673 6602 4523 8078 6511 9361 979 7284 5653 6731 3607 1343 5962 6485
185 453 657 8711 9131 4111 8464 3025 1749 8231 4860 8253
186 960 1840 7619 9096 1257 6938 7950 5968 4340 9013 6614 84 90 923 7898 1845
187 419 5572 7414 4103 3657 1516 2355 6038 745 9338 8123
188 7398 7085 6860 3661 5326 9711 2738 5268 6296 4794 463 7646 7327
189 9824 6368 3524 4103 1064 7626 2443 8871 7949 9429 3894 3079 4106
190 8003 4487 5964 7082 9035 8876 2704 4035 8211 2937 9434 124 6878
191 7202 3163 2884 1223 9692 8399 239 9487 9841 6226 1331 9814 6616 5039 1276
192 160 3904 482 640 4454 5607 362 3261 7120 2705 2389 1594 4410 4896
193 1774 1968 9155 516 8806 6759 8490 7307 7630 2416 6512 9682 7347 5219 8282
194 2626 6120 6096 7432 1491 7348 9721 5177 7835 3676
195 3012 6472 1299 9619 9070 9809 179 9268 8441 2234 5852 1949 8798 1055
196 4644 2376 1835 717 8110 9764 5688 9364 3734 3961 7576 6713 731 5884
197 4386 1347 7973 4071 9192 2537 2507 6540 8284 6258 9528 411 348 5597 3102 575
198 3202 9158 1128 5418 1294 5245 1072 6545 9334 8634 5307 413 5342
199 1887 5635 9956 1256 3371 3404 979 2203 3125 2202 1371 5595 831
200 3040 1381 4233 8812 3021 8685 7282 7925 4086 9001 8280
201 2208 5121 199 680 2700 460 2962 9007 5298 7699 2388 1621
202 9825 8706 3940 8130 4079 5520 4273 8530 2003 1973 5431 2116 1247 6205 9397
203 290 2539 8293 4295 8158 6759 9453 9211 9502 1751 3512 2203 9758 6271
204 7713 8987 3780 4102 4390 328 5770 6327 9006 8687 6833 3539 2292 6613 7543 6424 5595
205 4897 259 5281 809 3890 5613 2034 5331 2261 1081 8125
206 6090 4587 3982 5361 4406 791 7387 4124 5183
207 2337 7363 4166 2023 1417 7530 3083 4844 7050 3759 8406 2074 7355 9757
208 4571 933 6225 817 4106 6157 9400 7075 9750 8443 2168 1403 979 2015
209 2240 2675 7142 3785 5387 844 2288 8177 9683 9206 5513 187 9107 8477
210 1379 3140 1605 3882 3952 1299 8216 3289 58 5725 1599
211 8848 6787 1317 8838 4010 3787 813 8272 849 1778 9011 3092 5043 7321 5034 7883
212 3073 1411 1669 9831 6505 2247 5232 370 7156 1685 8024 2330
213 1186 3619 9734 8168 8105 8363 2448 2361 469 8631 5049 9821 7134
214 1031 2702 1555 8982 5786 9244 6960 4136 6063 7088 2609 4531 952 2489 8642 585 6986 4281 349 991 8174 8573
215 3877 2599 458 461 2191 4592 9076 5078 6713 3258 4765
216 3649 3074 1443 292 133 1103 1551 4785 8787 2136 5146 5051 8158
217 79 2278 6351 3446 9798 9007 4170 1622 6925 8078 6957 7731 3092 4213 9206 1879 2904 5359 3582 1285
218 2916 3109 2759 5289 8173 9007 3696 209 3827 2676 1109 79 7949 5565 7423
219 8193 3163 6111 197 934 1227 9261 8686 3439 1680 3597 7762 2485 7830 8728 3387 7868 2962 4319
220 5024 5057 418 2503 9992 9545 9165 5743 1524 4792
221 6848 8227 4938 9295 1936 5683 5172 6134 3484 8510 31
222 6112 1697 482 7179 964 2821 3910 5671 8683 4353 5261 7822 6613 3254 5156 6013
223 7648 6241 8226 2299 5412 155 2439 2985 9968 1105 8595 9460 8120 9530 3707 2555
224 1025 8994 1508 485 3082 79 144 4179 8500 5078 2998 9816 659 1610 805
225 1248 4769 649 1386 9515 4430 6544 5939 5811 5368 1945 8411 1534 3135
226 5826 8229 4774 5447 4168 7274 9896 7438 4659 9842 3219 8151 3864 8540 5631
227 7490 1864 4906 2242 8744 19 1556 949 6231 9145 8994 1757 4510
228 8932 6150 2551 1820 9674 4203 8297 4045 6258 1847 1353 9636 6234 4860 3290 1613
229 2016 4225 674 2820 389 5715 3370 7694 1010 3379 5748 7927 932 6938 1151
230 5507 3941 4743 7377 2574 3441 4722 3769 2522 9788 7997 7877
231 5761 9570 3907 6150 1137 3691 5307 2417 9267 1715 6778 2587 3023
232 8194 3259 9957 167 1929 4427 2288 8235 7379 4759 7699 5050 7931 6493 2019
233 4050 5537 3058 7890 3221 5305 9818 3933
234 1216 5697 1734 4961 7623 8558 1117 5264 7617 1139 2670 7511 186 5824 2557
235 835 9086 4369 9162 1932 7442 7949 4273 178 3189 7927 1850 4158 5621
236 3553 379 1545 961 4200 4169 971 301 1911 8920 7546 2203 9533
237 7915 6888 265 7115 9551 1560 2962 4403 1140 3319 7416 4409 411 9599
238 8737 4195 6852 9713 7243 6354 6734 5680 9745 6674 8180 149 1668 5980 895
239 3270 1328 8940 9510 4713 6487 9260 9965 7949 3760 5715 9140 6517 5303 4409 796
240 1153 3429 8807 3531 5965 2414 5711 9777 9011 7732 9366 3288
241 9027 3652 1606 9928 79 2993 6901 9881 5145 4956 7613 414
242 7179 2118 6374 9164 4939 1836 1680 6257 5781 9449 7705 1212 2918
243 449 1730 715 2053 8939 1884 3179 3426 2001 4661 2455 380 4316 447
244 1216 5988 8005 3942 2184 105 7880 79 4976 6225 1618 4020 9333 5274 3240 2333 1909
245 1442 7203 9572 4713 7180 3858 8373 8644 6906 6458 8252 221 2270 9343
246 6817 450 7044 5990 7057 778 4625 7411 7348 1369 4436 3450 7289 4202
247 7488 226 1670 3526 9033 1546 1453 3502 3921 2962 5762 4727 634
248 2754 771 7589 241 6287 5361 6034 1976 7669 3704 2595 5368
249 6177 7426 4027 5732 1670 5831 6633 4715 5330 3157 7574 9752 2683 427 8446
250 2627 5636 264 4172 8459 5868 6990 2741 5396 5941 1336 4763 6236 693
251 4384 7643 412 14 6993 4755 3733 745 9689 8154 3646 956 3613 2494
252 0 5155 5509 6938 6199 8141 2382 205 8814 1782 2039 441 9594 1245 9237
253 5664 7522 6371 5317 9990 2890 8428 9650 3058 5270 5495 4826 8994
254 5153 8386 3139 6202 321 2986 8971 2035 3322 8667 6813
255 1728 8994 9123 4901 168 7594 235 9711 2898 4435 6452 7702 2906 1503
256 966 1769 9009 7828 6613 4694 3113 3604 3133 6846
257 9025 6754 3894 3398 4647 9544 5481 7058 7950 6673 4754 1459 7318 219 8159
258 2643 6193 2973 7817 7884 2066 238 2877 2552 210 2227 1368 7673 5978 9371 7601
259 1380 167 3048 5929 5002 1772 6126 4573 7536 6089 9533 7342 3545 6297 9787 3964 7069
260 4864 4641 3074 753 4232 7052 6638 9585 8754 3508 7950 3255 3144 2720 6783
261 1856 1697 770 7014 6022 5000 3341 7278 3727 6770 8819 9903 2142 4773
262 3297 2715 7623 968 4127 7153 9395 7253 3926 3383 2264 8793 2714 1627 5215
263 7297 1090 931 8172 9964 9244 6204 7248 6357 6889 6712 9626 6876
264 5715 4993 4547 5724 843 9325 9359 6258 5395 5077 1270 8567 3195 3644 1781
265 448 7456 9667 7949 2536 653 9807 5768 2034 341 8310 4120 601
266 2288 6690 3894 6278 4177 3664 6417 9715 4630 1527 2555 6877 979
267 2464 68 9613 8925 9357 7185 5234 5941 5469 5636 9693 414
268 4884 3138 5515 7652 7857 7852 9067 9196 1250 6961 3986 5523 5779 3190 2962 1209 3870 2335
269 96 5984 7618 8232 2410 1160 5874 1460 1783 9850 1979 477
270 7904 5762 7876 796 2076 3403 847 3090 1331 8534 7759 6364 9597 9086
271 3488 5571 9316 3782 8125 1745 6994 1141 7158 5604 4605 1087
272 7088 6629 9007 8393 4199 1806 2781 4144 8723 4212 9912 8377 8431 2524 797 1469
273 3936 4865 6710 3337 9365 4758 95 6782 4351
274 5696 195 484 1159 5353 3783 7695 7732 5365 9110 9112 2873 6268
275 321 7204 7126 2759 9162 3150 4174 7247 3158 8241 7573 182 249 5244 9898 6463
276 5472 2018 9062 2985 108 6050 2382 6511 3990 6199 6490 3325 3838
277 1664 8386 9669 9606 9737 5227 3724 9757 3665 1714 8918 1431 3830 2749
278 9120 4577 3045 7047 6460 7084 3982 2224 2161 6995 4956 4285
279 4068 7287 8079 5680 7991 8984 7129 9020 2973 2175
280 2288 2723 2790 7847 2153 8238 6895 7184 2417 1302 9241 9402
281 2208 1757 6941 1702 774 2472 5737 7978 6799 7576 9335 4376 3481 6895 3012 4106 8894 4901
282 2 9485 2198 1816 1822 6819 9766 2733 4783 944 3380 8373 948 8644 4694 1246 3689 5099 3827 9848 7290 637
283 6739 4067 5829 7881 7210 1010 6354 563 2581 7350 3543 3032 4025 5275 1557
284 1509 8071 3784 2986 3435 6989 7762 4916 5822 599 7736 3163 9565 9278 8383
285 1984 9345 290 6244 6054 7465 4331 8994 8783 4211 3508 8217 3197 3839
286 6370 5477 1734 7816 8106 1900 4178 9972 9365 7734 3353 7838 6261
287 1168 8166 1287 874 9163 3469 240 5552 4020 6741 2135 6717 2079
288 2240 7074 5763 520 2634 7663 3144 7602 7699 9430 5176 5978 2140 1119
289 8672 8993 8870 6889 6445 9263 3184 5906 563 5460 8564 2778 79 5916
290 4992 1920 8290 4635 2694 5899 1099 2579 9558 5465 891 413 542
291 9827 5354 5838 4303 881 1876 4246 5528 9981 2555 9404 2314
292 5511 4103 6027 6898 3885 7346 5715 2069 1622 4728 7583 8476 2527
293 2786 6404 9417 975 7827 9108 7575 8596 6844 127
294 8195 7329 2243 1156 1735 8092 7719 9968 7313 3011 5724 9630
295 3872 3617 450 419 4964 6949 8007 7211 7247 9780 7012 4324 858 6270
296 7879 7722 2987 9580 2288 2962 8691 8372 6101 8086 2967 2167 4382
297 4592 7459 9512 1520 5935 1200 5512 5214 2906 796 3390
298 321 9922 5256 5322 781 7728 8456 4082 6806 6200 9561 9883 7423
299 6672 7620 8487 8745 9101 2287 5840 3953 6868 1781 792
300 8708 6854 4808 1706 3851 9068 4077 3534 9872 5358
301 5824 4096 1031 2986 2423 2060 2638 5842 5748 9742 2713 8857 3388 5213 7038
302 8812 5543 2172 9195 1804 2669 9007 2451 8436 9271 2424 5532
303 5251 2998 199 9320 7626 5579 1164 1746 8053 790 5688 4122 8059
304 9312 8800 2 2372 101 1457 7464 5707 2093 1960 3508 552 2119
305 8097 9730 5371 4904 5810 5647 2033 402 8210 4500 8475 5181
306 32 3458 1796 2598 7016 1006 6672 8616 2709 5718 9944 9563 7413
307 7232 8930 7611 5014 5095 6152 76 4402 8175 3601 8402 6547 7574 7031 7355 7749
308 1187 2213 4348 8142 3087 238 979 7998 8442 4383 764 926 3589
309 6048 129 3012 6453 646 3946 5838 221 2384 7153 4819 3146 3710 1846 3513 1785 1946 4378 1214 6143
310 5601 8102 9638 6664 4326 2285 7438 4271 3729 242 597 9302 3272 1981 4094 8062
311 9235 2497 9443 8164 1230 5391 5683 238 6232 2777 7642
312 1221 369 840 7949 2126 7503 2832 5288 2708 6318 7962 4060 1978
313 4384 3937 2 3982 2089 3735 8108 1175 1935 2962 1492 4958 4086 6135 988 2750
314 547 164 8387 9865 9966 8431 1321 6069 1303 2008 4025 1050 2844 669
315 3776 7360 8962 5219 8644 1094 2855 7081 4176 7158 3289 7517 4287
316 4130 4231 7240 9129 5261 305 2294 9719 7546 9310 2687
317 3862 326 925 4489 4555 6989 6125 2962 9494 457 2939 3389 4574
318 2067 5153 8898 3707 3507 7366 1581 5582 9809 8851 4020 8981 1915 5340 798
319 6464 6051 7717 2376 6890 4140 6030 111 5495 954 8284 9418 8479
320 1969 7746 3106 1830 2129 8999 8498 1743 6449 2642 4121 381
321 3680 112 5858 583 168 3936 3818 8907 5005 1359 2960 8495 725 8758 7227 8604 8618 3326 5983
322 552 1413 1703 1800 8778 2125 2296 2615 2744 6940 2154 2751
323 4353 1442 3813 5445 5329 5897 2923 9968 9937 338 7059 2005 6902 2651 7453 2463
324 8768 2240 9218 970 5805 3074 2804 4830 375 6265 5662
325 864 2373 4487 6780 1006 7215 3728 2961 4020 1774 1174 4841 1433 6778 8124
326 8097 2 5412 9317 3527 9032 2482 5550 1233 9202 7762 4247 222
327 8225 7652 3270 7592 2281 6583 6184 1043 4596 8247 2360 7515 8105
328 6625 6692 2422 6887 904 713 8430 2288 1208 2066 8788 7158 728 9498 2651 1181
329 8642 1383 6374 1191 6249 7850 1031 4527 9553 2004 5658 1563 2986 7647
330 2272 9255 7209 842 3311 3377 6132 4854 2744 2356 4906
331 547 3380 9270 5062 5777 8457 8938 3982 3599 8657 1716 4150 3476 7805 63
332 3971 1097 8650 5101 9390 6877 9075 1556 9335 9965 1071 412 9469
333 2486 4966 9521 774 3177 5162 1298 337 4210 1364 6101 4342 8632 3514 9083 4766 4886
334 7617 2181 5286 6913 6186 7571 3631 1104 5169 1011 153
335 5409 9890 5347 7141 4072 1110 3600 6613 9014 1624 762 8956 7101 9150
336 9890 7153 4100 2469 2001 4456 2 824 5201 2167 8536 6521 3998 5407
337 7755 5672 3167 3627 9040 5064 7538 4275 724 3899 9567
338 7041 578 8539 36 6534 5831 138 653 3056 7441 8594 2327 6980 2818 3035 8572 2962
339 4001 5700 7973 9993 615 4137 4106 3589 3433 3982 7831 4216 5434 5020 4362 863
340 9088 2288 3554 1350 7654 2 2818 4765 2544 2357 6550 4760 9978 9007 5498
341 4033 8258 1540 8389 3241 7652 6158 5779 3478 3576 5860 3195 3644
342 512 7584 2114 310 164 1157 2662 3936 4240 2445 9359 8240 3795 3763 2288 7222 6170 4445
343 4992 1030 6373 5542 4711 6729 5898 3885 7949 4084 1846 1625 186 6470 6589
344 5857 7259 6340 9737 6613 4395 1616 8387 6356 2549 5466 2683 1050 383
345 2336 963 3877 8 5422 4239 1872 5848 2584 7161 9436
346 9025 3397 9864 4649 7339 7245 3790 7183 9296 7240 4046 6735 2365
347 4258 4516 7879 1545 5962 940 5203 8883 8233 1402 92 9786
348 1505 2787 3396 5317 647 1500 1134 2099 2057 9435 3415 2867 671 1180 9139 4869
349 391 4107 9357 6318 7197 436 8213 6590 3932 5117 8638
350 2656 5185 4325 3272 8682 7211 8238 9395 8883 7738 1083
351 321 7524 7926 9895 8844 972 925 3192 8125 9782 4472 9789 8830 5605
352 3424 7457 2855 4041 7623 1042 6993 3954 5715 6935 8728 4571 7327
353 656 4291 2438 8387 6920 3432 5677 2575 624 3537 9939 7188 3959 4867 8687
354 8800 5890 36 935 1997 7119 1712 9457 7699 4324 3067 732 4703
355 5345 6988 5769 9644 9199 1488 1522 6675 9237 1821 4766
356 321 8450 987 4806 7848 5929 5803 7694 271 9968 3363 4483 238 9591 4921 6106 8763
357 7138 611 1253 9096 9129 4042 299 6043 333 6523 2616 2747 8860
358 5730 5835 2116 6021 1224 4491 2636 9160 2899 5144 6556 5662
359 4449 5762 1164 2252 3022 5213 306 5870 1976 826 7055 8698 1406 2559
360 6625 290 4035 9284 9713 7561 333 321 7025 6834 6068 5783 2596 1668 6559
361 8609 1797 1468 618 1389 8559 2704 9621 5623 4090 8540 9545 7455
362 7747 9669 1928 9326 2385 4978 3735 7450 4732
363 7648 8193 6979 2600 6929 8818 8755 2869 374 6425 9146 4988 6101
364 4624 6498 7683 1412 3590 2471 2792 7484 8907 2732 2415 6512 2837 3383 7580 2908 7198 8287
365 6020 9526 8645 6090 1661 8144 9075 6102 2655 8746 6751
366 961 1380 3974 8966 6625 4824 145 9045 8406 3544 8825 5722 6619 8797
367 6883 9385 491 5804 6769 5778 1940 9399 4020 8603 3455
368 8608 304 3493 1381 7883 9936 9363 8917 4310 793 7071 2557 9343
369 1537 4164 1062 8615 7880 9353 5063 1231 1075 533 2169 4636
370 6305 1435 1125 7207 4462 5469 6126 5590 3449 4795 4157 2685
371 1346 6116 3653 7816 4201 6858 7055 6737 2258 4697 9500 7805
372 523 1201 8011 2319 3473 7025 466 8851 6134 4760 79 4732 5183
373 9634 5923 709 8454 8807 7762 3074 1262 79 5296 1042 2243 4436 5859 9848 3545 3603 8116
374 2976 9569 9923 6279 4649 4010 7539 9620 8312 5885 9950
375 3297 3266 3012 6729 9452 3714 7212 141 242 9747 2772 7477 8994 5954
376 3651 2922 7275 5612 4323 2581 7939 1371 5437 2555 6783
377 6947 5956 7334 9215 6665 7658 1815 5003 4941 8717 2647 5467 7791 895
378 160 4388 9395 7272 713 1495 2189 1838 9197 6035 6679 8888 3581 7615
379 7584 512 4738 7285 7621 7372 4514 9517 7986 3316 7469 9783 6765
380 5152 7173 1575 7881 3690 9148 5948 5359 3982 3894 5989 5592 7418 4199 8572 3450 37
381 8896 5026 9283 7495 2697 2407 9292 7021 3074 7023 9842 4822 7817 4825 5916 427 6399
382 4961 5794 451 6470 753 4936 2217 935 5069 1327 6600 1942 8184 79 9406
383 9952 8833 9508 3877 9831 2793 745 8140 7054 3090 183 5240 5369 7100 8639
384 5536 2627 2614 3695 9234 7189 4502 6967 4825 7759 8891 9244
385 3745 523 2962 7923 3487 4981 9654 3418 2622 4314 3390 6005
386 160 1040 9891 5604 1168 5715 2069 1398 3327 8124 9941
387 256 4321 1925 0 4391 683 3783 3446 2521 5850
388 4608 3012 2183 8328 7788 9322 2540 270 1587 4118 7671 2035
389 4000 321 3522 7428 3074 1928 8994 8014 118 9400 8347 1726
390 3842 9893 2385 6792 5674 2 273 1374 4574 5750 1656 8284 3550 1471
391 4992 6307 517 2152 3075 7445 1046 2904 4762 2876 7134
392 2689 5379 9590 9478 4582 6827 1137 2155 4374 6167 9190 9501 4959
393 7940 5880 2318 4241 2386 7470 7605 182 1048 6873 1659 8988
394 2537 9320 6377 3178 9902 1807 6225 6474 5113 4856 5945 380 2173
395 9344 321 6275 1220 6213 5096 1226 9612 4302 5522 4020 5924 763
396 3910 4808 745 9194 492 1969 3351 5498 7003 9438 2463
397 7201 5443 4646 8616 3274 7660 9328 625 8280 478
398 6178 4231 3240 1929 5111 2286 1455 7537 979 2030 7735 631 1657 5882 303 5758 9983
399 2017 3780 488 1820 9871 3603 3153 8179 4958 2377 1048 5412 5466 79 4092 5598
400 9376 352 8772 6217 7626 1835 3855 3119 9493 9814 8041 5912 2715 3870
401 427 133 5899 5165 8045 4237 9421 9171 8883 3479 633 7258 6653 7773 3077
402 8995 8644 1094 3018 9067 5228 9807 593 9955 5013 2999 1565 7413
403 7722 8102 2056 9193 10 707 2803 5046 3512 2041 1053 979
404 2240 9666 8045 5033 5610 5195 5772 3565 2205 688 2577 6650 3869 2270 6495
405 6115 6635 8163 6660 9989 4327 4939 8291 150 3223 8056 9075 2588 9861
406 3072 321 7899 9540 935 3690 8463 6739 3411 4407 9124 1210 7995 9084 5498 574
407 9568 9968 3075 3830 649 3017 7472 6073 2132 8021 6742 663 404 7868 3967
408 7744 9986 7652 7493 2534 3144 6346 5422 9070 630 2523 7359
409 2274 3684 1560 8199 2024 935 9581 5680 2961 2424 6845 4862 3903
410 3936 961 8994 7907 292 1349 1702 2731 5572 7985 8882 9990 9369 3162 188 7133
411 4737 3330 7652 3461 7433 2288 8750 3631 2832 7153 882 344 9082
412 1480 9578 9165 3982 3280 3985 7891 6398 9878 6744 571 1374
413 6976 5987 2985 9961 4428 5233 727 1210 2075 5340 2975
414 4193 2 3235 1633 8426 4939 5326 79 2288 1169 1234 6186 9783 7610 1755 6589 735 575
415 7521 9314 324 4673 1960 5066 9265 9330 7157 6710 4569 5179 5109
416 1922 8515 2406 4040 3722 6061 1935 8656 4785 7442 4291 3381 6584 473
417 8640 9984 2563 9862 3809 2240 2941 336 5265 7088 5307 6268 2717
418 3296 6081 9764 1738 4782 2961 7762 2291 3758 6327 9604 9210 9119
419 8464 1922 5846 9832 201 9483 8334 7215 6224 9171 566 1273 2555 5406
420 5728 3531 4484 616 1482 2539 9069 1486 3634 6324 3605 9374 447
421 6371 4871 712 7369 2765 8974 6096 6088 4786 8243 3894 6814 7199
422 740 9512 8714 2795 5962 541 6097 722 5140 8648 318
423 8880 9922 3716 6030 8712 3428 4650 5998 5552 6545 5460 5269 8308 1466 2555 2175
424 2240 8400 3203 1765 5254 9505 3816 1145 199 2735 912 6296 3220 9077 7385 9432 9445 8986 9404 2013 7391
425 5056 2240 3012 7048 5578 139 6482 4082 2189 6546 4659 7321 6271 9981 3263
426 304 547 321 3982 4615 3787 2030 6479 6256 8942 1583 111 5053 6558 2655
427 9536 1984 107 6180 1829 7153 8619 4398 625 6195 9398 2359 2555 4541
428 9424 5412 7723 5997 6192 8561 307 1332 4181 6107 4509
429 1986 5571 7652 934 5383 2379 3564 7438 56 8387 6613 5942 7959 2392 4921 2461 9951
430 7904 6884 7301 4529 9884 4941 1102 4045 4912 9073 1810 7380 6014 4796 414
431 7585 5157 1383 8764 1948 6091 717 6545 19 980 4822 1847 1724 3580
432 5442 9252 6250 6767 5423 176 7665 2322 238 87 6927 7421 1982 9631
433 7488 4326 4899 3365 5445 1162 8046 8005 5683 6101 2326 3001 1691 1669
434 2466 5607 7465 29 3074 6959 2098 4855 8376 3994 1084 6397 8703
435 321 9058 3883 7429 6917 2340 6599 9224 6122 2123 1292 9455 6839 8025 3615 8319
436 8448 1008 8226 6692 2598 7558 744 5548 7562 2764 80 9428 2549 3606
437 7809 1026 1647 4741 5505 6761 6508 1452 4156 6129 6005 3830 5977 4635 540 517
438 9408 4834 4805 5446 5449 4363 7116 6541 1304 2713 6298 6751
439 931 4196 7301 8268 7150 3965 7153 6259 3188 3892 1979 5949
440 1953 7042 4341 7237 7914 6512 114 596 533 8854 8037 4084 8250 5437 2613
441 9125 6022 2919 486 9804 2962 3920 3089 9746 4373 4377 7577 2010 9310 6453
442 7169 1942 872 3541 1389 3342 7279 8296 7762 661 5494 5116 7581 8126 6805
443 3232 8993 4870 7654 8321 6760 4199 9580 8753 3154 6579 598 3505 220 9533 1918 5727
444 4448 7009 7234 5287 9481 2240 4591 3473 9522 5715 533 7325 5886 2431
445 2160 3747 3012 1541 9226 8717 6223 6256 1524 9533 6553 1930 31
446 4354 355 7046 3687 9929 5741 6257 8542 745 9945 1372 4798
447 2528 2500 8327 5000 1002 5739 3856 5748 8213 8125
448 5476 6597 8263 4776 2862 9192 9618 1685 5974 1784 1668 1851 5340 4414
449 8897 8099 5701 5670 7687 4295 5773 5198 1105 5569 9305 7207
450 5092 935 3304 2505 9770 9198 9871 1424 753 6258 6325 1558 6647 9272 6938 6237
451 4608 2624 8043 8996 7004 3785 8107 9133 5469 496 3858 1943 1116 413
452 9059 8428 3115 172 4237 8462 5551 6164 728 2543 7645 6175
453 4352 5380 8484 4364 3628 6547 6229 2230 7608 5636 4030 9877
454 9922 2469 1127 2794 4014 1615 342 9335 1496 1753 442 4527
455 3296 3172 9265 3332 8614 8326 2919 8970 2240 3373 4047 369 6963 3479 3129 2396 6014
456 100 7174 5457 3881 2962 7854 6031 9968 1841 2674 7764 4182
457 6628 5510 8137 4970 6986 4205 2222 87 4314 2340 5178 3963 8093 5950
458 8251 1191 5612 4311 2636 3597 2286 8469 8409 6969 6138 7163 6101
459 514 4675 7018 9899 9484 7119 9579 5621 1111 8783 9871 427
460 1433 9670 79 2717 3088 8275 8759 56 537 8765 9023 6749 9439
461 3072 2017 8027 6859 652 3821 6675 9074 83 8342 4855 4600 3611 8316 4031
462 5248 2240 1155 8292 3144 7721 2924 5869 2288 8035 53 3446 413 6334 1663
463 7425 3237 1825 5545 8299 4236 1345 6320 7026 8148 3862 8020 5438
464 4967 2313 3242 7191 4652 525 5681 6105 2132 8809 888 6521 4282
465 7232 3713 2321 4392 1454 7697 595 1236 5748 9469 2143
466 6145 9667 1860 8966 4966 2289 4329 684 3053 3631 9521 5860 3703 6521 6161 1884 7711
467 1360 5092 2725 5744 1009 3796 4917 5686 4922 8125 127
468 9184 5235 5766 8841 270 3480 2195 7447 120 6555 3037
469 5670 3142 9159 8329 5451 4853 566 3767 4952 3388 7327
470 4322 8963 1668 1029 6475 5202 8212 9909 3094 2554 9309 4222
471 9857 3525 1862 9833 8841 6185 2121 2743 185 1116
472 2977 8989 742 6101 2962 2223 1426 7925 4151 6265 8830 8955 8605 3294 4159
473 9824 4002 7558 8199 6858 7147 2834 6301 3826 1299 2100 4313 9802
474 4227 1476 4710 6310 777 1418 5869 9617 723 917 9916 3228
475 8064 3936 7778 6468 6567 3560 8332 8138 5451 2476 8269 321 757 4676 6717 8885
476 3554 9893 169 339 9707 7854 2674 3443 6580 5146 2538 286
477 9533 8962 5091 6598 5159 9930 2 524 5026 3053 323 8222 9007 6717 6846
478 9155 1668 8422 8909 9358 4050 7918 5550 494 6526
479 7715 9041 9244 6731 2130 5294 6223 4273 6578 1586 9533 438 6424 1369 2842 3163 5661 349 9406
480 644 9477 4428 5966 2799 3216 7250 8787 7699 3709 5725 8959
481 9122 427 6052 9095 791 1346 5006 9295 4949 7255 4472 79
482 9602 9701 3497 6538 2349 78 2031 6995 2389 953 1017 634 8477 8661
483 8833 6914 3367 3722 7533 6158 7727 79 2420 3414 7629 7355
484 8193 6274 9702 7068 5422 4085 2038 5081 155 9660 733 3614
485 4352 1189 3527 5614 687 8979 5550 5016 2106 5309 979
486 7016 5001 1004 3181 5230 3757 5748 1042 1108 4215 2905 2972 7193
487 3617 1284 1377 3848 651 7949 1512 5493 2748 8543
488 6945 7559 1996 2861 5488 465 979 6644 1047 2516 3092 1918 2591
489 9314 4740 7208 9067 5868 5453 3471 3411 2298 925
490 8066 4035 2245 2183 3692 6050 8560 5336 6395 4284 4029
491 7824 995 7077 7880 4492 3754 2284 656 7409 6741 3990 4695 5980
492 6656 929 1154 9669 9225 1838 8252 4657 5715 9518 1461 1568 2586 956
493 7252 3841 4866 6404 7845 321 6505 1002 8738 1984 8145 8982 723 9556 8438 8841 6809 2666 10
494 5441 4706 4771 8406 7302 321 1900 9772 6641 6659 1332 2453 1302 4985 4473 4379
495 6048 2274 4355 1668 4870 6502 7548 6306 3630 3663 2256 212 6327 7609 9722 2511 8060 7930 3743
496 4225 7883 2214 8138 9131 5004 2286 2429 6154 7960 92 1917
497 6628 3655 2920 5581 79 9233 3860 6709 3798 7738 6206 5141
498 7040 1281 9122 326 1063 7784 5198 6733 3086 752 6645 792 7806
499 2327 3728 8078 3815 9705 2986 8263 2733 6670 9776 935 9588 6453 5833 3515 1717
