100
0 256 399 273 420 2341 40 7209 4266 49 181 567 8654 954 59 60 74 62 309 2628 327 72 5066 75 844 846 718 123 8168 110 240 41 575 1019
1 515 3973 1414 8 9 10 5003 141 142 20 6934 3223 1177 797 158 6049 930 37 426 941 815 52 9141 1591 60 61 1726 65 4486 73 79 1290 7131 97 356 357 615 1257 245 1270 377 638 1663
2 131 1672 1300 21 150 156 802 1572 3244 816 50 57 2108 576 962 1987 72 74 334 81 82 467 7771 732 93 2657 98 228 2405 1640 489 114 7156
3 385 23 2572 6466 14 529 19 535 1434 926 2463 416 752 290 36 299 4336 175 2352 3121 1714 5570 628 442 316 7486 1088 1602 66 176 2886 73 13 3025 82 856 97 252 112 116 120 3833 3324
4 1153 9219 146 917 153 25 26 7451 27 8050 1085 5445 1350 72 1482 333 1229 85 342 344 859 1250 227 8166 2027 111 242 371 247 761 122 252 5245 126 7679
5 0 1 2 3 4 5 904 3849 1292 642 15 16 18 23 25 26 27 6554 2208 168 173 48 56 62 460 1104 86 728 347 92 353 104 362 621 1263 40
6 130 515 4996 263 11 12 2 401 17 23 2072 4 542 165 1585 7 3244 3630 49 52 54 191 64 2371 68 327 78 13 857 2138 3552 743 112 113
7 3586 342 2694 705 1290 660 1948 1822 39 555 9517 6577 50 181 56 185 1850 202 447 4704 324 309 970 3406 9043 3158 2011 606 352 5041 871 3175 2285 238 1525 4090 253
8 133 266 11 2573 19 5780 69 280 154 28 29 414 3205 35 37 3367 297 2220 46 6961 2231 57 58 1183 1434 3467 1221 198 203 80 593 722 213 2903 88 6112 867 849 9962 115 1268 169 20 1365
9 0 1 2 3 4 645 6 7 144 145 20 6038 25 4864 5 32 35 170 46 3898 64 6304 1093 6729 202 846 16 996 6381 113 243 6261
10 5146 8714 276 151 410 6045 3614 32 545 34 1316 5926 2345 43 1070 2607 176 1458 60 62 2848 2242 9163 6049 1737 715 77 1357 2212 347 606 869 7284 1193 253
11 3 262 1291 2060 1175 9884 157 160 1776 1954 4646 296 284 42 427 44 47 52 3935 831 3979 969 1493 4438 95 108 2173 752 6011 9725
12 128 64 514 135 1928 3756 274 1263 3357 1310 199 172 181 1078 439 57 191 576 71 1224 55 77 207 594 211 2264 1498 348 1502 100 4582 103 2153 2540 109 1775 116 509
13 0 1 2 1924 5 6 136 141 15 16 405 919 24 4 7322 29 731 165 41 8 51 60 63 1869 1229 2384 852 1743 230 5482 8687 505
14 0 1 4 6 138 1687 13 3986 21 22 23 33 9512 47 48 1076 311 3001 61 68 1094 72 74 141 99 3046 1387 237 1519 240 243 789
15 8 137 12 16 913 146 149 23 24 26 2078 33 6439 4273 30 183 955 2492 957 3519 6339 326 5959 200 329 2124 212 350 2913 3563 1644 1269 118 631 319
16 128 5 137 2316 141 3471 2321 4371 22 580 30 31 552 41 51 308 950 58 2491 64 435 3011 68 2506 3929 478 356 101 243 2857 381 254
17 0 1 2 321 12 13 16 530 579 26 154 32 33 2502 4134 4651 49 64 160 4291 70 583 200 201 2382 9174 355 228 5227 19
18 5633 10 12 17 18 25 28 669 7328 161 34 5542 2343 3612 3372 49 2741 54 3130 3901 66 68 1334 33 73 1490 484 2033 2420
19 258 3203 1164 3074 142 17 46 26 159 935 3754 5934 304 50 948 3384 5945 580 201 330 1872 337 270 87 4056 89 5216 1636 103 1132 7796
20 0 1 2 3 6 7 5514 11 9424 14 15 16 24 18 23 152 154 7899 295 943 560 692 438 1290 66 71 80 2772 218 527 9825 99 2153 3052 110
21 515 144 278 4247 27 7582 32 161 166 168 43 44 47 1075 949 54 59 2848 4804 69 1736 78 79 3153 2264 89 479 5984 486 2795 112 113 1011 503 4219 124
22 4609 133 3338 8843 271 6422 25 280 7065 923 560 1457 3571 821 2871 61 190 5823 1221 7624 841 75 2638 80 209 1628 99 360 619 104 1778 499 153
23 1280 5 262 9 7818 4877 7310 15 16 145 1426 19 22 29 30 36 180 308 58 138 63 70 2262 345 2522 1115 1466 8290 108 241 115 758 764 255
24 5248 256 7 520 649 10 12 141 15 656 146 147 277 1434 27 285 30 287 291 300 138 55 1524 5386 1726 7366 13 86 633 95 864 16 868 102 615 628 377
25 4225 3 7 1416 492 10 4311 12 144 17 19 26 155 3162 33 37 40 43 47 48 108 9 583 3662 464 2770 2007 728 2522 80 101 104 4204
26 0 1 2 3 5 902 9 522 151 14 3600 18 131 22 1047 28 1029 291 6 38 412 41 303 138 159 316 61 318 195 199 2890 721 84 725 5974 220 977 237 116 3447
27 4356 134 7 10 6660 15 8080 579 4 2586 27 1056 161 290 155 36 170 1580 51 52 821 4916 188 3389 1343 67 709 7624 78 81 82 1495 93 6892 110 368 1014
28 4 7 8 267 396 653 142 9517 17 19 532 21 7325 31 32 36 7723 45 558 48 436 2622 191 320 66 708 838 12 330 76 6481 86 9577 491 118 20
29 256 390 263 9 11 15 17 19 2710 538 796 4122 1438 6 166 7209 1835 3255 443 61 319 8262 1995 3794 349 863 98 484 103 2280 108 110 755 169 888 183
30 130 1111 2190 528 2193 8468 2325 24 281 5278 38 6215 815 180 56 64 2584 9355 197 353 968 3023 2659 213 5591 95 352 225 2787 6033 1656 2580 126
31 768 384 12 144 2963 21 4761 153 26 34 38 679 41 430 5551 49 59 446 4033 67 456 90 6800 235 115 809 122 3455
32 260 651 12 5262 17 790 1303 900 667 5921 2780 45 816 444 317 194 67 71 1548 202 216 80 593 1877 342 4312 2010 476 221 2158 370 115 121 1020 2941 126
33 0 1 2 4 5 905 130 528 19 20 9365 3097 25 28 7585 2339 39 40 1962 43 561 9907 52 439 339 141 211 341 90 9 107 110 753 243 276
34 644 6149 8966 7 1034 13 143 16 404 1173 24 4 29 286 35 1573 167 1961 170 438 63 5430 328 713 588 120 83 350 3043 679 114 115 247 504
35 7559 10 11 13 6670 3215 1041 1557 4374 9495 24 665 26 28 4765 32 33 35 167 300 1585 2610 5428 138 696 1721 700 61 5823 448 71 9230 855 482 121 21 766 405
36 1411 134 6407 2071 147 217 281 2330 1180 2335 160 859 454 434 3638 2271 1350 842 1527 845 1747 1241 2010 475 361 187 5481 371 119
37 264 10 12 14 530 20 1045 24 793 161 163 37 679 44 45 496 697 2235 572 4153 202 1099 126 120 211 1878 313 353 3696 2814 759 1144 3964 1150 405
38 51 3330 3843 5383 392 137 3359 551 169 2219 44 45 2611 3252 7733 314 60 353 1358 848 351 7776 225 100 232 234 1772 881 125
39 771 4 7 8 2570 139 15 16 3475 20 917 24 25 27 31 5921 34 675 37 695 57 10 67 69 472 399 99 1129 106 4547 114 8558 1015 120 2170
40 135 10 1675 1039 18 3607 1439 165 38 45 46 50 183 4920 61 7870 831 192 66 5702 7117 591 469 121 79 5470 736 1958 4841 239 889 4988
41 0 1 2 4 5 5656 519 8 9 10 268 16 401 18 24 154 29 31 34 37 3975 184 799 60 418 79 4304 90 91 102 4455 1271 6269
42 0 1 2 3 6 9 10 14 16 22 23 6303 2848 37 1191 424 681 50 55 440 68 968 2384 184 1107 90 731 2944 3689 1003 3054 1263 8176 2426 255 127
43 3 1756 22 7 267 6540 6544 131 3478 1050 29 5381 220 42 811 2480 945 6067 2243 5985 968 457 83 85 347 92 5904 489 108 111 2545 2296 3891 2171
44 3849 11 8208 17 18 2835 20 2713 921 2715 474 32 155 44 9521 7987 5428 318 3907 8906 75 5841 85 5593 7386 91 92 8541 94 1002 2417 5362 2681 506
45 1795 6 268 7055 19 4893 1310 33 3620 293 39 40 41 1479 5936 55 63 192 71 200 1481 1591 82 7379 6228 213 214 5848 292 93 613 239 2929 370 1270
46 6192 148 149 150 539 2460 29 69 112 155 5156 425 304 1502 3129 1469 5952 67 2373 70 329 462 1999 463 349 94 2912 4199 104 1136 2555 252
47 0 1 2 4 5 6 8 1495 8719 148 154 31 3106 36 262 168 41 45 51 52 54 2615 67 7493 71 20 2264 606 9831 234 494 5618 4471 6393
48 138 12 17 1046 282 36 4657 41 174 49 52 3000 223 70 5831 226 1233 87 1116 95 98 997 2281 111 245 169 127
49 0 1 258 1155 4 5 6 7 8 9 2 145 3 20 22 158 415 3490 36 1061 166 42 43 45 48 945 1972 56 187 829 583 2633 1112 90 216 739 238 113 243 505
50 896 1154 86 6534 3244 3980 21 279 793 411 28 287 1184 3483 4806 4392 4140 175 4795 70 4554 62 458 1473 4038 3655 588 2762 76 1999 1490 211 9814 249 857 2255 97 485 619 242 1272 1913 122
51 0 1 2 3 5 6 138 1035 780 14 20 155 284 1063 297 180 185 2620 12 9165 81 4946 468 345 93 225 487 1383 493 127
52 0 1 2 3 4 261 7 8 9 651 6402 15 4625 3738 303 5 548 46 175 137 5817 36 708 5573 326 336 337 1366 8868 476 98 870 505
53 0 1 2 3 4 7 1032 13 16 401 23 2328 25 155 3102 32 48 34 27 4132 168 681 688 8 60 6845 192 583 7241 458 96 1256 6121 106 366
54 128 132 4742 274 275 664 2287 285 164 935 298 1324 47 176 434 51 1717 2494 63 4929 7367 6092 78 720 4568 347 610 99 6884 869 1001 4972 621 4719 1137 3571 121 507
55 385 259 773 9353 1035 16 4244 27 31 162 933 50 435 4276 309 568 188 62 959 452 7366 4423 72 1737 587 9548 84 6364 293 98 357 1532 127
56 645 4360 1034 1935 18 277 24 4633 154 5664 2982 2030 6582 73 59 445 577 67 452 9078 201 1099 211 5337 655 1502 224 4962 867 3318 1021 246 509
57 129 1933 4372 406 345 836 26 30 9631 8614 5032 2348 2994 61 192 196 9289 759 7501 1358 4175 217 5345 2404 487 5864 489 7918 3624 1522 884 503 8980 122 124
58 1921 3 7 9 12 13 15 17 18 3603 28 30 1057 36 37 934 295 45 1330 52 61 575 6720 580 4295 79 1498 357 745 8682 5543 5231 19 376 250
59 8450 4 133 11 2188 399 24 150 2583 152 25 923 35 169 554 684 5165 2736 155 1334 183 57 188 9740 1098 6135 1059 6357 733 736 6882 17 873 621 878 756 1655 504 6138 763
60 0 1 2 4 9 12 14 23 538 5661 31 38 424 9770 583 4911 49 799 190 2501 199 586 77 1619 7770 226 1382 40 7161 125
61 2052 5 137 394 1931 13 15 144 18 531 3993 2076 34 35 39 43 53 393 193 11 582 968 2505 2142 546 336 84 478 3040 611 7272 236 365 1006 5011 5631
62 5696 3 4 5 7559 111 142 23 1135 28 157 1310 27 2600 3754 174 47 3251 692 311 3640 185 576 453 328 713 203 80 727 476 224 865 1153 1900 367 120 126
63 907 6412 1041 534 1178 1882 30 31 293 4264 7977 199 172 9138 6834 2334 4023 8131 8516 69 1991 842 459 206 5329 6229 730 859 96 3299 9574 8295 3313 3444 759 5368 251
64 0 1 3 4 7 8 9 10 11 12 13 17 20 7189 29 32 9584 679 40 178 7860 1737 58 714 191 524 1738 75 2642 731 96 355 236 210 111 112 117 1021
65 2688 2816 898 133 3975 154 27 156 1063 9897 42 7852 54 311 3768 57 58 574 9332 323 1352 1103 9557 215 988 2141 100 3174 105 234 1771 1904 625 116 2805 120 5482 1278
66 10 7311 146 3220 25 27 291 40 46 50 3767 58 573 62 832 72 844 846 79 81 214 215 349 6239 224 1506 276 1260 1779 118 249 7677
67 0 1 4354 3 5 6 641 8 9 138 1671 2 526 4498 2179 22 535 26 4508 800 162 1188 38 42 43 174 47 59 1290 64 708 14 9824 3566 1263 117
68 0 1 2 3 5 9479 8 10 855 12 13 4867 2454 1688 25 681 47 56 59 138 966 584 9161 120 595 468 599 1501 1637 504 507 254
69 1408 1795 5253 7430 11 13 14 15 5650 19 1044 533 279 23 1051 288 3233 1826 7075 39 552 300 176 2744 9531 63 194 708 2120 1993 970 715 4301 592 91 92 97 615 232 2927 3062 126 21
70 6794 782 19 3092 23 281 2330 5275 28 2590 3743 165 814 456 5301 5942 3615 62 63 328 73 462 7120 209 89 3807 738 103 104 2157 2280 1012 117 125
71 3969 7 2824 9 9354 915 22 415 32 177 40 1671 46 47 945 52 1334 696 57 58 187 10 63 113 74 591 355 87 5214 611 360 488 2431 127
72 2 3 5 7 8 9 11 14 15 2322 535 29 30 35 36 5029 38 42 173 6190 6577 819 62 192 66 1347 708 71 76 292 736 492 111 890 379
73 0 1 2 3 5 8 9 10 11 12 3725 19 20 921 26 35 423 476 46 3506 56 317 4287 77 206 80 3666 604 225 39 110 120 378 703
74 7296 516 261 6 8 6281 11 13 15 154 923 3229 30 5 214 295 162 2599 389 41 176 1566 55 185 74 320 7114 34 1238 96 98 7012 6507 2028 118 120 126
75 128 132 903 138 1671 1549 143 1939 5422 29 3622 4394 5447 4270 815 48 689 954 194 579 71 4682 7372 77 80 2385 216 217 3034 8801 3811 364 6165
76 0 1 2 4 390 7 9 10 11 3599 16 18 20 22 5415 42 199 4061 5168 3761 691 2614 2364 66 967 72 206 208 733 94 97 102 113 2419 4884 4345
77 132 6 7 9 11 16 17 20 24 4 27 29 31 40 6188 46 48 177 1202 308 54 52 1215 320 453 712 5463 2648 1114 224 1122 4347 229 1127 618 4594 244 2933 148 63
78 3 4 5 6 135 138 2571 14 144 17 131 1667 1795 68 666 29 36 806 7 44 46 176 50 2614 63 194 139 196 968 334 207 5459 84 472 860 1502 2171 2021 108 114 1019
79 768 1028 136 142 527 88 151 28 2974 4639 805 50 1333 311 312 4153 62 447 5313 1986 3269 583 980 782 216 1370 603 228 357 109 1655 9081
80 0 1 2 4 5 6 903 128 909 14 9872 1810 20 21 22 27 32 41 170 43 46 175 51 54 192 68 7123 87 16 355 361 107 111 252
81 0 1 2 6 7 2952 9 11 12 13 14 15 274 21 22 24 155 549 41 301 44 1581 8 172 54 697 2491 2763 333 8017 85 1624 2191 37 96 618 297 1272 2389
82 384 1671 1416 780 654 147 2905 152 3097 293 41 47 818 570 65 66 707 455 76 2390 3545 998 4327 873 618 7147 195 633 251 124 511
83 6400 384 130 4 2181 7 10 525 493 21 2073 772 542 7234 37 3110 3115 51 55 58 3387 3260 266 66 74 8779 206 729 9948 866 612 231 109 239 114 120 383
84 0 1 2 3 4 263 11 16 17 7699 660 24 3097 28 159 33 4642 5667 5276 42 370 49 60 4291 2246 1737 3618 6868 94 95 362 621 878 2034 2420
85 1412 8 9 10 11 12 365 17 146 22 28 33 162 40 41 559 50 52 2741 6967 9529 442 138 63 68 75 7633 1878 94 223 8422 106 363 2925 120 319
86 3459 907 396 2445 4366 145 147 4500 7447 152 156 30 34 166 295 796 179 52 59 189 3646 5951 193 3524 2316 75 972 994 1382 106 2795 1391 2674 1395 628 254
87 513 1795 1935 139 526 15 3221 150 153 2715 34 419 8614 3372 46 1072 49 7475 52 4156 714 1186 462 1103 81 1109 88 2267 108 370 1656 637
88 554 86 5769 17 20 29 31 35 36 40 42 1863 797 48 1844 1978 3133 702 71 331 463 8401 341 214 1370 95 737 90 1896 105 1263 1273 170
89 1156 5382 1800 3372 910 6927 18 23 32 545 1186 428 46 3126 56 60 2622 4672 325 71 333 591 1489 82 83 8149 217 218 725 93 103 914 2430 85
90 261 9358 788 408 1570 294 1069 46 559 1992 306 8117 55 5562 4290 196 199 328 83 84 3928 349 94 4195 2470 4967 1134 3198 2426 766
91 0 1 3 6 8 10 14 20 406 26 27 28 162 40 426 53 329 56 266 2367 3784 585 1866 4171 463 2001 225 610 101 237 111 126 1279
92 0 1 2 3 4 5 6 8 11 15 16 17 18 20 277 150 24 3097 27 33 35 1958 1321 43 183 2371 583 55 208 84 1624 89 348 1505 227 101 1131
93 2566 907 1420 4238 1936 8465 8025 25 282 3483 797 9374 292 6821 683 302 1332 2488 2114 67 1098 4300 461 338 979 270 4772 474 94 96 2401 8164 616 9710 2296
94 262 263 8 9 10 11 14 143 18 659 24 795 30 4421 160 33 37 39 2216 554 581 6962 310 57 330 197 458 5451 1484 5710 725 86 4022 89 730 348 483 100 4591 19 252
95 4062 2316 1678 17 19 276 283 797 926 1568 929 35 2843 435 1076 5982 58 7746 200 1231 208 1876 6742 20 7386 2910 742 744 491 246 889 3198 127
96 0 1 2 3 4 5 6 7 9 10 14 17 18 3860 21 1692 285 158 341 1571 552 193 51 8886 1887 65 71 81 1422 86 2527 98 6459 484 273 368 372 253 383
97 3819 2442 267 143 529 7826 19 1177 26 1307 2080 923 168 2217 428 1010 1595 2245 73 87 2648 1114 223 97 869 231 104 235 108 7407 112 744 114 8696
98 0 1 2 3 4 5 6 138 3083 14 15 18 3097 2712 921 30 51 7717 38 39 1069 307 57 395 1732 75 6608 6008 88 1423 355 166 4711 494 2546 3064
99 260 11 13 1934 60 145 1683 6680 409 411 677 4904 70 177 4020 1595 2620 267 68 197 9542 1352 594 85 488 1897 234 747 210 2153 632 377 125
