100
0 0 2944 3 4 12 13 23 29 6303 37 1191 424 554 944 440 2108 450 68 2384 467 731 4189 1107 232 3054 8176 115 2426 127
1 12 13 1427 968 154 28 160 33 422 40 4651 49 307 59 32 200 201 75 460 85 9174 600 1248 806 5227 4134
2 0 1 2 7 10 14 1279 7189 26 283 28 426 43 7860 1738 191 1857 67 1866 75 338 237 885 2367 1021 2165
3 2 259 645 1291 12 1681 3220 150 473 413 34 419 42 46 1455 60 2371 2648 217 1505 101 6760 276 127
4 3 134 2184 9 138 269 2704 146 150 24 299 27 37 41 2987 428 1071 308 567 58 7752 1482 1228 208 342 344 90 7260 8166 2027 502 3067
5 129 133 11 21 26 2460 6554 31 8480 33 2596 3878 39 41 46 559 51 1461 182 197 326 3364 73 345 368 245 251 277
6 129 1410 3 5 8 3724 2192 18 19 404 413 6032 91 37 44 174 943 4529 59 3906 9825 2638 80 728 89 7899 1502 336 100 2153
7 0 2 3 1029 902 8 9 1290 12 14 1039 1809 18 154 31 36 168 41 2989 51 7493 71 45 8719 606 3935 234 494 5618 116 4471
8 0 2 3 134 9 10 3725 8080 17 917 921 27 6 3626 49 4535 3772 1290 66 67 2128 91 93 233 113 4727 378 892
9 129 4355 522 5771 527 402 24 29 160 8494 2991 138 9539 76 335 11 81 1635 1118 227 228 105 18 239 755 630
10 0 3 4 6 16 159 33 4642 4387 36 5926 370 7726 182 31 708 711 1737 79 803 6868 1116 94 95 227 105 2034 5747 6011
11 261 418 18 659 151 29 32 34 4260 173 1975 60 586 1226 1591 4557 336 466 83 342 4439 3620 90 4304 2789 1645 7406 2424 6269
12 0 7 12 194 16 216 1044 22 25 1051 669 34 5542 2343 40 3372 1199 56 3901 66 68 2633 3490 1112 90 739 2153 39 126
13 0 1 2 1924 136 141 143 16 17 405 26 29 165 41 51 60 1869 1229 2384 852 215 1888 230 8687 553 505
14 137 2316 141 143 16 8851 68 667 30 27 38 1192 42 1135 435 2102 1347 580 1099 337 478 227 100 101 381 3754 254
15 0 1 3843 282 1263 29 1439 676 4657 50 52 437 3000 953 186 4285 67 70 5831 725 87 95 99 997 3055 7412
16 128 142 2321 533 22 26 552 944 243 308 950 3636 2746 60 575 64 822 2506 725 3929 347 364 9837 9969 755 8699 124
17 2176 5633 2241 8 9 139 278 27 161 162 2468 165 168 304 437 312 1729 67 2884 1057 328 5450 2644 36 219 1246 9573 624 244
18 1408 1 3 4 138 5006 259 23 801 301 49 562 435 2121 3233 5577 970 98 601 862 354 357 4582 1010 1532 1406
19 0 1 2 3 4 8 394 13 18 23 28 29 33 34 39 299 176 311 3001 831 68 74 141 4310 99 63 240 2546 1142 1915
20 282 1290 11 14 15 16 17 276 154 29 39 941 1071 438 1591 955 3516 318 960 328 201 1233 218 91 4449 104 2297 4223
21 3 4 5 6 7 10 12 15 67 917 24 25 27 31 33 34 37 303 138 4547 472 399 99 1129 106 8558 1015 771
22 0 1 2 5 1419 13 279 24 25 538 799 301 4911 180 1461 315 4247 190 53 463 3156 95 5478 617 111 369 500
23 10 530 4291 789 2454 708 32 292 966 554 173 6190 47 48 819 64 579 580 70 583 2382 1501 736 492 3986 111 379
24 519 522 11 141 142 281 1843 162 35 1062 49 171 173 48 177 1075 57 581 337 210 2264 6490 2782 104 2415 114 376 4731
25 22 3980 911 144 150 793 7322 287 2466 292 45 46 63 1473 67 583 76 588 1999 80 2770 85 4311 2264 1743 95 242 1406
26 5 2566 16 1425 7579 2335 1056 133 4635 36 933 54 60 445 6855 79 87 93 2398 738 1257 874 108 4469 889 122
27 7 136 138 12 1934 147 150 155 4127 40 428 7470 1203 187 447 2627 204 6224 7252 85 1887 352 98 5603 5860 490 6763 366 936 124
28 22 66 17 405 4374 9495 155 38 173 1585 5428 696 700 2622 191 320 2625 194 838 71 968 76 90 743 3689 491 118 9577
29 134 10 23 7566 147 20 2455 540 32 1569 39 42 427 305 2747 1085 963 77 5583 1495 4958 95 6498 869 5233 19 116 507 8573
30 0 1 2 4 7 138 13 15 17 531 31 33 930 1963 4911 3122 1077 56 59 195 74 719 2386 1622 352 6257 242 1022
31 0 3 5 10 11 2400 18 147 7320 25 26 423 95 839 687 176 51 53 59 319 64 449 71 7624 2771 92 6751 2272 869 8728 6773 9848
32 3 133 390 7 780 3599 16 401 18 20 2325 22 26 1563 2076 799 1441 420 6 177 3761 52 2364 838 206 4830 97 109 505
33 130 5 905 141 528 276 3097 25 26 1307 34 2339 40 1962 43 562 9907 439 66 1993 842 2 2383 339 341 90 6624 5101 110 20
34 0 1 3 6 8 138 141 21 22 1687 24 923 9512 46 1076 437 2615 56 61 192 1094 74 76 78 84 620 237 1519 4977 251
35 1856 2 6 263 780 13 18 21 25 24 153 28 31 32 35 1830 167 43 349 2610 307 1844 5823 448 711 855 1885 1557
36 6656 130 522 151 12 525 109 1047 412 162 291 36 38 41 298 318 195 721 84 729 493 220 98 237 239 446 5115
37 1 642 9 2 23 281 287 5409 7984 1573 39 40 173 174 688 3849 2490 62 1345 458 86 92 354 1255 6121 621 168 1402 894
38 0 1671 7311 20 33 38 40 43 50 51 183 832 72 844 846 79 208 214 215 1624 3545 349 1506 739 101 1260 118
39 2 3 3213 399 17 18 20 1946 2095 33 1947 47 50 51 53 54 186 2038 70 583 968 3401 3853 721 1746 472 98 630 2170
40 904 1930 1037 17 20 1046 345 540 31 34 295 41 172 45 560 311 1216 66 68 582 71 6354 1241 242 245
41 3584 128 7811 134 136 138 13 917 23 163 38 40 6962 8884 183 3136 695 333 987 348 1381 239 1010 116 758 251
42 0 641 2 3 4 5 1 8 10 2178 535 25 4508 34 1188 40 42 52 64 5187 708 4424 4354 247 334 13 1495 861 9824 229 7031
43 7296 64 4738 23 13 17 8855 9880 474 2848 2599 9770 5661 61 320 2501 2377 586 77 2130 1619 7770 91 864 1382 7161 125 4222
44 7430 1928 394 16 4244 279 6937 1775 158 31 419 293 1310 1334 60 191 64 452 7366 71 81 732 708 2927 243 959 509 127
45 0 1 3 9 10 12 21 6038 283 798 32 43 569 3898 59 64 68 202 2381 78 79 481 495 113
46 0 1 2 3 4 5 6 129 9 128 11 1293 14 143 152 8743 1576 1671 52 59 138 448 65 1091 968 1098 1360 6869 15 1502 223 5435 1767 6397
47 1047 13 15 3476 23 3099 33 7202 36 43 430 175 48 52 68 200 7881 8909 8912 1109 728 217 474 864 867 623
48 0 1 2 3 4 8 9 10 12 435 16 3730 2179 160 43 4654 177 51 54 731 3292 4709 874 1901 111 1906 4347
49 1 5 3209 778 525 6554 924 37 169 1266 47 48 6450 9148 67 6862 466 1358 7771 2401 498 244 633 892
50 2570 13 4494 2321 3475 2068 23 26 675 2982 39 3244 2096 7479 1475 456 695 1101 213 214 3298 867 1902 113 1910 1787
51 0 1 3 5 6 138 1035 780 20 297 180 185 2620 12 9165 81 468 345 93 225 487 1383 493 4470 380 127
52 768 527 40 41 55 4153 317 192 1986 1479 200 1481 311 7379 213 214 603 93 357 239 2929 1655
53 129 5 6 1004 1675 18 405 665 26 30 2096 165 39 3369 941 48 50 3894 1869 3406 461 465 467 6862 99 8423 361 876 112 2153
54 1 2 4 6 7 8 12 16 2580 8982 24 8473 667 290 4259 48 3000 314 452 580 204 214 239 116 1015 124
55 0 258 1155 4 8 10 2 145 20 3612 415 7328 36 1061 113 42 43 45 48 945 3130 829 49 1737 77 1490 238 2033 505
56 8 1418 3906 143 17 18 19 7445 155 1828 38 168 47 50 138 55 1341 5237 9154 199 9804 6489 5340 2401 101 358 241 3573
57 260 138 8334 144 916 1815 25 26 412 29 1438 40 220 9412 7877 1882 4301 1360 2906 92 93 4457 1002 9071 2300
58 0 1 2 3 4 6 903 128 9872 1810 20 21 22 27 32 3106 41 170 43 46 51 54 192 68 968 7123 87 16 355 361 107 111
59 3 1156 5382 7 8 2188 13 150 2583 25 26 923 1059 6 169 43 428 183 188 71 591 6357 86 217 733 763 252
60 3 4 645 7 8 137 651 1164 6670 15 1041 20 26 6304 33 8868 39 42 7559 300 46 175 3849 61 292 6729 336 9230 1366 36 476 98 6261 766
61 3 4 6 3975 10 11 685 534 2839 5789 36 39 170 6061 47 177 51 3511 906 579 81 83 89 465 110 173
62 128 130 11 13 142 1167 1173 22 28 286 163 4393 3754 43 48 177 54 62 576 950 328 8017 2389 1624 492 117 124
63 0 1 2 3 136 11 9486 143 17 67 3097 6428 40 41 298 559 177 575 5313 195 68 28 466 14 472 110 1010 499 1652
64 3716 3208 1675 13 660 21 22 151 24 160 34 804 557 6454 188 445 3902 65 70 338 980 227 100 108 1010 7541 894 6165
65 1 2 1003 4 5 10 1922 1427 20 535 35 36 113 7723 558 176 50 3384 6459 1981 64 69 71 464 89 1636 235 241 252
66 3 6 263 10 780 14 18 3349 22 24 3097 155 2138 31 33 291 934 557 3118 49 1205 3767 444 66 1861 81 2522 5010 2165
67 0 1 4 1671 399 144 1174 795 5921 38 551 46 178 1335 64 3009 67 68 83 468 15 92 7007 3554 99 4836 105 112 115 1662
68 0 9219 4 8 15 917 153 25 111 1310 7451 1958 56 1085 5445 72 9161 1229 333 7055 93 1250 227 239 8050 371 247 761 122 5245 7679
69 0 2 3 6662 1671 11 14 911 401 29 2207 33 2725 1193 174 3247 50 53 6 1759 60 850 3215 93 479 17 109 5233
70 2 6 11 2063 16 145 19 21 25 154 155 2078 31 4512 4129 168 169 6314 240 4189 59 449 71 968 79 93 607 112 758 504 254
71 130 136 266 6924 1032 153 111 418 419 295 45 48 712 155 440 2108 701 456 2647 349 4705 1902 623 117 1912 380 4477
72 1024 2 1032 2328 25 282 155 31 7328 34 4132 806 168 681 47 51 53 60 6845 192 583 7241 3030 3292 96 609 106 366 127
73 769 259 1421 34 2193 5167 546 551 2479 47 182 317 62 323 968 5965 333 83 85 89 591 222 620 113 246
74 3 5 262 12 1679 16 659 24 160 6 682 174 49 310 59 4421 5451 98 1233 86 1116 223 226 483 2281 4591 554 127
75 0 1 2 3 4 5 6 3975 10 213 18 1283 32 262 50 469 52 63 69 582 1482 84 85 89 3971 479 608 229 4476 9087
76 0 1 2 4 10 1675 12 2446 4884 24 42 4061 5168 691 56 66 11 452 7749 72 208 733 94 148 4588 113 2419 4345
77 0 132 17 404 23 27 31 40 174 48 1202 52 56 1215 7105 66 324 453 712 75 4431 1114 6491 1374 354 109 115 244 2933 4347
78 260 2113 1289 407 9 6935 1776 422 6695 169 3756 692 181 7735 56 8509 1729 11 710 203 4428 80 482 100 752 1655 251 126
79 0 1 10 12 4625 3738 155 548 54 1208 5817 190 5573 326 586 588 8271 337 1700 222 870 104 3200 505
80 0 1 3 4 5 4225 12 17 9876 24 9412 900 1057 37 934 295 575 6720 580 357 1895 8682 366 2035 116 404
81 1 22 137 7691 399 18 918 151 32 5921 34 37 1318 53 290 573 320 2848 1219 4420 77 2010 220 2660 1253 1387 9584 246 119 254
82 130 17 263 11 12 401 1170 20 23 2072 162 677 1585 52 182 308 438 585 843 76 2001 1623 2522 165 3552 743 113 116
83 0 1416 108 10 2828 15 17 2591 33 40 3113 43 47 51 442 188 492 447 3662 464 2007 2522 2780 104 4204 1013 1400
84 1 2 4 6 7 9 10 16 20 25 8601 29 5667 177 46 49 308 54 188 63 320 3532 472 4701 479 1122 3173 1127 618 621 240
85 6658 5 1415 140 194 6926 25 559 773 32 33 550 39 1199 1070 47 176 49 50 52 311 320 66 71 106 363 2157
86 3 133 6 7 2952 10 1035 1428 24 6432 296 44 726 53 2744 2491 188 64 203 968 75 81 85 5078 89 232 618 756 3062
87 5633 514 13 5650 533 26 158 161 7075 166 176 1972 181 54 73 2420 9531 2741 576 583 1993 1358 592 91 97 187 100 232 2540 18 116
88 1 4996 5 262 7 7818 7310 1426 276 22 24 29 6302 929 554 3755 3630 181 1466 320 66 327 6354 347 199 108 758
89 2 133 11 12 19 20 23 24 155 5 35 423 42 5165 816 3506 317 4287 3649 9740 77 3666 476 225 101 39 1655 378
90 2179 9 266 11 527 4498 3566 406 26 40 174 47 49 56 59 1290 68 328 80 3043 225 610 99 3784 110
91 3842 1028 4877 1038 20 5146 284 3614 34 3675 5163 2607 817 1458 1589 54 1465 190 329 77 78 1494 8151 1115 93 112 115 3828
92 1 2 8 13 144 25 154 549 297 42 1581 2223 178 571 64 706 2378 2763 210 855 88 90 1501 222 227 1637 242 757 507
93 0 3 4 6 10 11 12 17 160 1713 2600 43 46 3632 433 1589 312 185 61 202 77 597 5974 859 4723 244
94 5 6 8970 654 1296 1180 1693 30 9119 37 168 3244 45 4509 3632 222 3254 1341 323 4022 5064 588 77 2638 217 94 1213 381
95 2 4 263 10 11 14 143 18 25 795 30 197 33 35 36 39 2216 169 46 57 330 581 7585 458 1484 5710 89 730 100 753
96 3 5381 264 9 10 12 1422 18 26 158 163 39 552 303 51 8886 185 186 963 324 71 81 14 4062 2527 98 368 242
97 0 1 3 4 6 12 18 24 794 32 2465 679 40 274 47 947 673 1737 714 85 96 225 109 366 111 112
98 0 1 4 1292 1423 16 3217 18 919 2712 25 26 31 2208 33 48 56 67 3271 15 460 728 347 353 1634 4711 104 362 1263 3064
99 5760 1 132 4105 14 6799 16 6681 4 673 34 547 550 39 1326 50 185 702 2752 69 454 7627 80 81 7641 2151 3562 110
