500
0 6818 6054 518 5769 79 7533 3150 9007 8433 5715 501 4248 3514 3935 6938 3167
1 3936 7457 9605 8166 8295 4873 9607 2289 1798 3126 1786 9402 4990 3231
2 674 4740 6661 136 420 3012 7792 852 4696 3332 348 5407
3 6528 2049 7332 5782 935 7209 3018 1071 7026 5101 5330 4531 692 6453 7478 6587
4 481 130 8419 4961 5064 6613 6572 4365 8462 3309 9374 8305 5507 9470 9910 5566 1695
5 1979 3012 8357 3655 7143 432 7825 7795 9748 378 9627 3589
6 8677 7296 5285 8872 5897 6571 7694 7248 2002 3187 9075 5212 3486 6661
7 3616 6582 6534 9609 759 3468 9404 8626 1683 5749 1686 3895 7352 6249 6748 979 8325
8 8288 322 7235 8134 9511 8711 6473 586 4011 8716 4077 558 139 7381 5290
9 2656 8193 5412 4325 3272 7211 8238 2095 9395 7126 9752 7738 1083
10 4192 1205 5926 7143 6985 2666 8716 3457 2545 6846 3452 4765 6718 4511
11 7584 6849 3650 809 4628 6608 2450 2516 373 7222 1012 7517
12 7915 1540 9573 1625 7559 3785 6119 7757 8114 1014 2327 8889 7227 2962
13 3360 2849 2693 6214 3265 9290 6155 2093 4760 9557 758 5720 160 2555 6049 2165
14 4738 9987 9764 6085 8108 5548 2611 2083 3877 4342 4118 895
15 2240 9953 5378 2659 2020 2503 1803 4962 4430 9361 3827 6262 8177
16 1984 258 1284 7365 6889 3565 6833 9202 7731 9238 9971 7960 3897 6333 8575
17 7713 6923 2468 3817 7051 7181 2097 739 6217 5737 4836 1564 9918
18 6210 9796 5445 4294 7144 9545 7434 5419 6765 2807 4943 208 4913 8149 1079 4122 2773
19 8163 1284 6949 1095 489 6730 5198 9008 4721 6226 5162 789 761 9850 3260 2026 6938
20 9762 6635 3750 6119 3563 8749 5326 2095 5744 4529 1747 9975 8153 1437 7883
21 7648 2867 705 4135 5386 6183 3469 2986 5811 2804 2553 3130 4020 1341
22 7296 939 5606 6441 9739 4274 2121 9682 8788 9653 3190 3991 4953 5044
23 2539 5994 8125 6666 9451 8812 3442 6158 2493 2288 1266 9842 3541 2104 4266 7007
24 8130 8353 8418 5188 6186 226 8879 3261 4562 8692 4310 3704 6914 8994 348 8138
25 9761 5636 2649 6855 8458 9965 2286 7197 1904 3603 74 7385 6617 4410 5659 4442
26 5412 5221 5062 4616 1129 1997 3982 8717 4429 4344 2969 6557 9983
27 4548 3173 1064 2506 9067 8431 8176 7571 9566 3221 8027 2652 1406 8533
28 2 6180 4453 3718 7401 1542 3319 1452 9244 9356 5587 7438 1385 1113 2364 6700
29 2327 7393 3208 1291 6477 110 2959 5064 5074 5685 5623 6426 79 541 6202 7733
30 5889 9220 261 5574 3047 40 7019 2028 9557 6903 7705 2589 4901
31 8448 289 2722 6305 8234 5410 141 9586 9848 2234 3303 7018 8606 8575
32 9729 2946 7147 4421 5958 2919 2986 2407 5062 1587 3877 2776 9949 447
33 3074 9611 6875 7655 8904 7228 1674 8427 7533 3023 8273 5507 438 6231 4411 5500 979
34 1287 4865 2407 1796 6951 5321 9035 7213 4494 8429 935 6806 2244 6649 9275
35 3232 5632 130 2438 136 3882 3211 2894 113 2962 1299 8567 569 3994 6879 8284 9533 7432 3519
36 5601 5955 5093 9638 3441 5606 9930 2327 8207 3729 9401 9848 7385 7899
37 8098 5219 5381 8134 7751 200 1994 1039 5800 4274 4901 2614 313 5693 9822 1029
38 2400 4641 1025 134 5447 9640 5065 5943 3181 5293 7703 1660 8193
39 4193 1067 1572 9861 7560 9848 7530 5707 5709 6030 6552 3146 511 9720 9515 2587 8445 6427
40 5986 8739 2276 5448 1385 2892 7215 2326 5751 1561 3012 5502 1983
41 9376 8865 6439 5832 7564 5357 3758 6709 4891 5820
42 2208 1700 6054 8070 6569 3467 9518 175 6067 6153 5437 1718 4439 8134 8605 5022
43 3074 1157 7558 5703 2186 2155 5266 7667 8245 9046 5271 378 1375 7802 7806 8767
44 866 6491 9349 4934 9606 7081 4354 8590 690 7732 5438 1592 411 8989 6654 8293
45 2 8035 8644 6502 8663 8125 1130 2199 4717 846 8559 6608 2962 7278 9463 569 6075 9981 3726 2047
46 1248 5622 4329 1099 2834 1235 2197 1622 6601 1289
47 9721 100 3397 3079 7652 3410 2222 4047 9169 4594 9139 4823 4856 7769 5469
48 8865 7652 6534 6785 3113 4679 8075 716 9968 3032 6354 979 5652 1145 4600 5657 1372 5757
49 8256 8193 3202 2052 774 8 5053 7466 8427 236 221 9968 9000 8147 7413 7126 1625 6300 9309 1066
50 9698 8027 6724 3734 3912 4107 5263 1872 1106 8598 7652 9039 2108
51 7902 4420 3109 5412 7721 3882 3979 8013 7631 2995 5237 86 5913 891 2558 4901
52 714 6379 5964 9715 9876 5527 7832 1657 2394 9372 3998
53 7243 1603 7684 1865 1515 4717 6994 323 735 475 1016 1476 159 8196 183 8254 2655
54 291 4326 5009 3464 4619 4365 3023 3536 625 9987 7348 6712 5658 2367
55 3936 3041 9698 1732 4391 9704 7308 1038 4840 5592 8826
56 9696 3778 7399 3588 4199 8386 4873 5447 1613 1871 6576 3496 4786 6100 309 7126 265 5816 4020 8223
57 2465 3074 7491 9254 8743 5898 6891 5837 6510 9007 9490 7796 4982 4888 2962 2650 8994 4734
58 935 296 9516 7949 3534 527 5458 4179 3765 1431 1080 6745 5690 1501
59 9984 4993 4552 7313 6952 616 5483 3885 6449 1393 9297 5395 9007 2313 571
60 4928 2530 3113 8971 7500 8080 7378 19 31 2431
61 4672 8674 6983 5097 3690 5644 6605 5009 2643 5748 6328 2265 5018 5578 1752
62 2304 6267 6727 8683 9773 4701 1552 4434 5268 8175 1755 5308 7133
63 32 8577 4962 1668 9770 7949 7725 2447 7341 2514 9842 8149 1175 6840 1084 8638
64 9186 3683 4378 7142 6342 9521 3976 201 4780 8557 2126 1489 8498 3982 4282 9082
65 5057 1987 3876 3526 6209 7946 5744 408 7699 6390 5336 4858 9917
66 6560 3202 4611 2084 4423 4264 9244 3022 48 5425 2331 9500 2555
67 9762 7652 8470 2790 2351 3920 4146 662 3449 2527 1117 5727
68 9632 4894 8603 4901 427 5035 6477 5531 6979 5364 2142 4311 9464 5145 9979 1916 5085 2046
69 480 7906 4867 4988 395 3055 7699 6993 2962 3059 8345 3613 6781
70 4896 737 4958 9701 3881 270 9074 3125 5206 1303 7257 6784 9438 2773
71 2788 6 2374 4807 360 4781 9904 8370 3219 340 3733 5305 7038
72 5057 7938 2243 6758 1097 2383 3034 2451 9978 6010 4035 767
73 4130 6021 2567 8562 2924 8493 8590 401 1874 148 2296 9661
74 5986 4708 3752 4109 4175 4400 3528 9011 7127 5336 1433 5437 286 5247
75 608 2209 1251 9380 4033 4650 654 7793 404 3584 2391 2239 1853 4415
76 5504 3043 1496 8753 6024 8265 3115 621 3783 3697 6999 9845 4041 9109 7736 2810 3420 7518 8287
77 6528 1027 3862 3628 3949 3630 8783 9137 9842 6381 8854 2139 4476
78 144 162 420 6 7334 1768 3913 1614 8560 9138 8343 9656 3453
79 8353 5314 5411 9668 3077 7526 5153 7240 7655 1292 6445 3074 6035 7605 4246 4567 4923 3006
80 8930 5507 2884 4005 5992 585 2954 8491 8972 8336 5393 9014 1173 9846 6404 3094 5868 2109 6207
81 5172 7526 4486 9703 8297 8682 1163 5895 9075 466 3987 3028 3417 3163 4796 2111
82 321 9315 4360 1770 4010 2700 1165 4397 9937 8579 6120 3032 3292 7005 7519
83 7938 8419 6884 3461 2568 4967 7432 1482 5069 367 2888 5800 8723 5748 5369 7738 5821
84 7296 3936 9443 1241 935 5674 2327 4525 845 4401 5715 4532 5374 1846 2423 1209 9722 111 5834 5278 6719
85 8324 8517 3665 6568 2314 9197 6926 7441 2643 4825 4234 325
86 3074 4771 3044 4870 6547 6255 3216 1170 4915 6196 6933 5880 2521 7951 7231
87 9104 739 5636 1383 6857 4199 8492 557 6465 9200 7697 3058 8345 1752 4761 9116
88 1344 2048 4898 3203 133 3271 136 6305 1514 1838 1583 7456 3413 7599 1117 2555 319
89 9249 2830 8934 4231 6224 9545 2 8146 142 2704 7537 114 117 2286 5882 1117 9025 5589
90 2048 195 5238 9670 9864 5869 3781 8611 4790 2362 6812 7391
91 6672 1029 583 426 7762 8462 9552 6418 3550 6646 2236 9674 5918
92 2688 321 8130 1701 8296 2637 1134 4527 3728 5426 9075 8150 8536 3675 5148 9533 4414
93 3682 427 7786 5639 7242 6539 6457 8215 728 7225 477 158 6687
94 9345 1668 6500 3836 905 4843 2188 8973 3919 3504 2674 9139 7413 8854 6168 6948 5818 5775 7949 5341
95 8033 4070 4774 769 7416 760 4671 9115 9180 7985 6117
96 8896 8291 421 294 6569 695 6534 7314 1429 9239 5241 6906 7546
97 2627 2982 3494 9513 5597 9075 8114 9347 1814 1481 4441 4863 7516 8445 5023
98 5760 419 7620 1385 5109 9014 8568 3876 8068 2076 2975
99 6176 8673 7909 9129 9003 1165 7311 6544 7219 9621 9590 1527 6712 5967
100 773 2377 1452 9933 6607 8787 4766 4825 8602 9277 3646
101 3905 1675 5316 4806 3592 8903 1032 6667 7153 1736 75 123 8151 2679 6619 1694
102 2784 3809 9892 1637 8168 5962 843 1454 4240 3441 1685 5078 8920 5658 3291 7196 1754 2591
103 3744 7073 1319 7109 3815 4391 2288 3568 4090 3077 7198 6661
104 1378 8387 2342 9064 713 1260 9101 335 5391 5848 51 8852 9302 9848 5816 9722 6171 9244
105 7456 9666 2267 4485 2986 3946 7682 238 7471 7699 6161 443 8659 6644 5880 5503 6940 3293 319
106 9088 1889 2114 9571 1348 5 5063 7880 5412 5036 3023 8304 3441 4594 6467 6101 4758 2308 4314 3707 7413
107 4097 1668 2181 1000 298 1963 205 3216 753 7251 9013 7575 6107 5821 3059
108 321 1698 1339 3302 2887 3100 7219 913 8995 1204 5527 6616 9947 7100 9691
109 2913 9090 3363 6503 7500 6700 6157 3215 7254 7480 25 3388 4958 8764
110 8307 8006 5555 872 6476 5900 2605 6318 4723 2734 3158 3131
111 4708 7207 7816 1948 3018 5483 7213 2962 1246 3894 23 7128 7577 9850 188 7806 3358 2239
112 2400 769 5762 9795 4103 9257 9611 8013 321 5327 8431 3700 7983 4669 8043
113 3329 3012 4421 2790 3361 4875 4620 5746 1710 2449 7666 4948 917 3128 6459 6213 3839
114 6786 4454 4938 5899 3149 1998 3567 1809 7666 6805 1942 4824 3673 7866 507 8988
115 2081 836 2117 6027 8077 9374 7762 2238 7191 9912 7972 2426 2299 2813 2174
116 4960 194 6661 5575 8170 4910 3877 1175 4217 9787 191
117 1563 8422 4518 583 9800 330 2539 5614 8431 5768 8307 5334 6623 732 4362 6943
118 5314 6405 4230 1703 8105 9291 7852 2157 6517 281 7034 5413 6301 4799
119 1473 165 7153 7049 716 7598 1999 3728 3185 498 3507 5806 3577 5935 2437
120 4993 5507 1155 2854 3395 7532 1423 2704 6707 7284 3763 8248 796 9054
121 3104 2240 8322 3622 1542 9223 9454 2973 7632 2776 2650 6895 2012 4285
122 6437 8994 9509 7436 5613 8797 9555 1558 8888 7994 4220 634 4101
123 321 8962 1731 2311 4456 1613 7309 3128 2810 2332 4157 5246
124 8581 8134 7019 7660 8952 9229 9776 2168 152 79 476 4351
125 4962 5796 6870 1991 3337 9739 2956 2226 3377 6194 83 6518 6584 2041
126 5762 8803 2276 8069 5734 8455 5899 8887 5966 6226 3476 4150 6583 5146 9244 9210 9694 2943
127 5792 4162 9093 328 7689 8175 8272 9551 1907 9753 3354 9819
128 5024 2240 2 9061 8841 1035 12 6285 7727 8301 2453 9654 1050 2555 2172 4765
129 9007 6627 68 72 8139 4366 687 7664 6801 3378 9139 5219 1943 5412 5883 3870
130 4578 8520 6633 2418 1550 1168 1522 6996 5402 6907 4604 7069 2962
131 3264 8552 1794 9782 7880 3177 8460 5966 3441 6098 3894 1081 9244 8829 1288 2240
132 3318 811 9085 2097 342 7287 1912 3711 4605 3550 3941
133 4373 5445 2182 5672 490 8107 2285 3982 5715 1109 2901 1956 1013 661
134 352 1763 2660 197 4455 7086 8689 5106 6868 2102 215 1340 6973
135 992 7936 2114 8547 5412 8854 385 682 2 847 2706 2962 6230 2244 825 6138 702
136 4066 547 9796 229 2123 1420 6896 4145 6420 6101 1079 2490
137 923 2308 4902 7176 1098 7880 5133 5576 9522 8212 6581 2454 8601 4123 7413
138 8227 1830 9096 4972 4266 3756 7565 9244 2685 968 7699 4340 4408 4377 8412 6813 9087
139 4514 9667 5926 4199 5643 8685 2670 977 3822 3479 4538 635 7326 6079
140 4608 8708 1318 4490 7987 2548 6327 8249 8671 2716 9181 5662 2655
141 84 3376 4034 8387 2212 325 7174 204 8686 560 5844 2485 2456 3780 3387 7868
142 8449 8673 9353 8234 8749 8463 6192 6354 372 9183 9244 2474 798 4447
143 7328 2691 677 5062 1256 9417 3403 9612 9618 436 8406 1684
144 3425 323 2148 8134 2534 5985 5292 9103 2014 4025 952 7684 8991 2334 6655
145 2288 3012 3207 7144 6153 874 9644 3055 2768 564 8405 951 3992 5241 7727 7836
146 4481 9284 8486 5606 7310 5193 4330 8491 1774 5875 6613 5750 183 4506 3387 4117 3254
147 9766 6183 7727 7699 3347 1620 5848 7519 5372 7327
148 2 134 6278 5834 1550 2576 8178 4019 8505 7130 1883
149 1600 4037 1287 456 5481 9739 9390 208 9073 9650 116 4373 6134 8889 6267 8351
150 7109 7590 4488 2185 2647 3119 2736 6838 1334 7433 4729 2203 9533 7877
151 3619 8964 5830 3111 3428 183 5324 4079 7249 1668 5795 6295 985 3451 3069
152 2240 3297 1924 2291 169 7338 5677 7856 8945 6931 436 2229 9783 8532 2906 7902
153 4160 4099 5540 6153 242 6797 3698 9545 2840 4761 5276 9533 447
154 7240 17 3912 2217 9514 3403 5745 1368 7292 8317
155 3936 7219 38 6568 5514 6733 1134 5839 2288 3281 3283 9533 57 1626 829
156 2880 2594 7589 4774 6311 9244 843 7138 6909 5041 3923 3126 7159 4985 5180 4317
157 7072 2875 6791 8521 13 7183 1073 5619 681 7514 3743 5594 7423
158 4352 321 4418 8324 7269 550 2183 72 6306 9544 7986 630 3287 3012 6207 1668 7997 8645
159 1024 2471 6606 6639 3699 1941 5590 5464 6937 5242 30
160 8994 8836 3784 2892 684 4685 5805 7314 9395 6487 6866 6788 7579 8444 2188 2962
161 6320 7362 323 9065 9228 3533 9244 5993 1776 1343 4988 6672 3225 1689 3483 2268 2962 2559
162 8161 9739 1348 5543 7179 7051 8624 9585 5844 3894 1401 1028 7969
163 135 3723 7949 7439 3857 3490 420 9253 3113 8234 8619 2732 2480 6452 9013 7486 5956 5715 2140 5358 254 3199
164 1476 2374 4199 7914 811 2637 6578 306 5748 5302 6552 9593 6494
165 3553 3427 6853 1542 8969 3154 8847 5455 3894 1366 5993 8088 7226 3707 1500 4250 3199
166 5536 8193 6629 1894 9288 8586 3915 2240 3343 2288 1192 7304 1343 8382 287
167 2400 3041 4996 5446 2753 7721 1642 4683 1741 2673 4370 644 5921 5502
168 9408 5711 8682 4043 7245 5999 1680 2962 5014 1561 6554 4143 8958 5503
169 642 7334 936 41 5064 3279 6768 8753 5651 8884 1557 8553 3923 8702 863
170 3969 7419 9616 3079 6248 2057 6125 2989 7344 6641 9458 1238 2971 5567
171 7552 1986 5191 7751 171 825 3534 7153 6482 3731 8052 1495 5561 5503 930
172 705 1411 1668 1479 9032 3665 5298 1491 1653 8984 9273 6714 3162 9471
173 2895 2275 612 9733 7089 7240 6571 6988 7278 6831 4176 6577 3012 282 4923 4314 3486
174 5792 8491 7652 5381 2855 7211 3340 2040 3795 4184 569 7547 6398 3525
175 576 5387 1860 4039 732 9034 3371 6542 5682 8947 3015 5753 6938 2044
176 321 135 4931 1415 5340 9159 77 2158 7791 4209 2034 5491 5044 8309 6774 5628 3651 95
177 736 2178 7429 5297 713 9290 9927 7820 3377 5294 7633 9077 3703 4526 4921 3020 1279
178 8224 5537 2537 5412 742 3623 8073 7377 1752 9103 9112 5001 2456 3612
179 3521 1371 3466 3536 6996 1241 7353 9243 4443 426 574
180 4923 6724 3912 6631 7336 668 3032 8336 1745 4051 6803 3477 6584 2968 3835 572 7293
181 4736 2273 5890 3747 9032 4267 200 1870 6448 456 7732 1654 2104 7516
182 9968 2147 6374 7531 716 6989 3952 5715 852 8151 4888 5595 1532
183 9728 8385 2402 2371 8996 2119 2898 2878 3416 2457 6174
184 8642 8003 1668 1832 1186 8910 9232 7022 214 570 1531 4636 9306
185 2081 1795 5828 1625 4297 6188 6672 3091 7381 1462 4311 3801 7226 9050
186 960 5924 8136 4265 876 8174 433 2322 5811 6933 4886 6537 9572 90 4377 1629
187 7296 2464 931 7142 6827 5685 8622 9967 1844 181 8832 5792 7965 7263
188 2113 5155 7302 2566 3201 5160 7153 7791 8560 3665 4564 630 9304 2845
189 1216 2849 4610 8195 3813 6726 4744 746 4588 79 5104 506 1982
190 9377 9410 7429 7943 586 909 8527 9968 9811 3830 6202 3004 542
191 2498 2307 7654 9958 7943 486 6511 3666 9530 2781 95
192 9089 5537 3106 2116 1863 6145 6633 2698 935 4844 4814 4531 6616 8346 6463 4317 6655
193 321 8450 4987 6759 8396 2346 5099 7628 782 2482 935 8020 9941 5497 2683 5437 8031
194 3301 5962 653 9646 1938 8279 1626 7453 1951
195 8707 7652 6538 8779 7500 9005 2190 5389 2546 155 1590 7323 3324 6109 991
196 4100 9990 8616 6748 7658 6861 1135 8464 6289 1429 152 7865 9116
197 1347 7973 4071 9192 2537 2507 8460 3505 3955 3102 6737 411 9214 4927
198 9280 6082 7695 4465 6546 6038 3769 3227 4348 3037
199 6325 5730 5995 5957 6695 4843 5961 5962 171 1644 4558 5426 5507 7925 9943 7291 5893
200 417 9349 3398 321 796 3402 9615 4977 5267 1780 8670 5463 5150 1915 9052 9898 1470
201 451 5 3814 3176 3081 1514 6889 6413 9007 1520 5097 5780 6453 873 3224 7098 5277 917
202 5341 1538 7965 6258 3016 6666 107 1586 6958 8029 3152 2194 6461 7992 3804 2045
203 7778 523 3722 4619 45 5293 944 8114 7603 2422 3191 2619 5436
204 7873 8994 8387 5380 7949 5710 8045 1731 9842 4403 3829 9686 1917 894
205 2977 7685 9670 2664 5693 5232 8145 6901 8602 7599 4541
206 5664 2817 3043 3877 3655 6537 5899 237 7501 5682 2563 1140 661 7119 2940
207 7120 7011 9007 2684 813 3913 445 4985 7987 5340 7575 1689 6363 1308 765 9598
208 9984 2178 2756 9801 1483 3567 9360 7153 4531 5364 3929
209 8801 8226 259 7126 3174 2658 1390 8221 502 1849 9244 6013 3423
210 1781 7155 1205 5543 4494 5583 9042 7731 3284 53 5913 7706 5967 7709 6782 8191
211 3601 3464 9098 8491 8332 5841 8886 1625 9465 6938 315 2972 3645 7935
212 8576 4192 4806 5340 7310 4687 7699 8244 9545 7192 6426 9947 4028
213 3970 1990 5739 7405 9615 7120 5972 7029 9079 5240 4859 9308 5853 8414
214 8642 2797 6258 1255 4999 7010 5133 2674 2868 3288 8573
215 6336 7107 6917 7889 8711 3217 8696 1849 4703 7837 4479
216 2320 3202 8676 4422 9222 6696 7883 7949 6254 5264 4728 2932 1710 8005 4248 148 4890 9722 1151
217 1056 685 6351 5884 2054 6140 79 1389 8686 5551 8015 7762 6389 2745 7641 3055 9372
218 4896 9301 6151 2120 4060 3004 1037 7438 4495 2896 3144 5300 1301 3548 7550 5631
219 7830 7049 9261 3439 5424 884 5686 2121 2332 381 2198 4319
220 9312 5924 8745 4326 3689 9067 2318 944 9842 9236 9813 8406 3351 861
221 7447 7205 2343 744 4071 5420 4237 4985 9928 532 6037 1238 1145 9752 4409
222 4002 9510 1094 9032 876 8383 7282 5300 6613 6552 3993 5595 4095
223 3105 7713 9866 2763 7116 3437 5007 921 5394 4339 2743 6809 7545
224 5568 2948 6021 4583 8585 4519 6226 1239 1560 3421 7551
225 9952 3169 2818 8356 9953 1096 2643 277 569 8952 1534 1754 5981 766
226 5504 5568 66 4004 6774 4199 6153 3210 3074 5840 8178 4531 6613 1814 1680 6171 446 5119
227 32 8672 6178 2340 8968 6602 5740 8813 9007 4400 8994 9650 5877 9503 7839 2240 1727
228 32 7044 5004 2990 6159 2993 8915 5851 3100 2941 3870
229 4193 3522 9723 1158 8066 7949 8080 5122 5715 375 6938 6651 8093 2590
230 2816 4647 5640 3627 9644 3278 2895 6384 7912 9842 9160 9911 6392 7732
231 7652 7657 7210 3255 6893 7214 8175 5456 9720 2452 6103 408 3417 7002 2986
232 9545 9186 4484 5681 8393 7377 9771 1713 594 4855 4249 5500 1917 7198
233 3383 2155 676 6673 9609 2986 3467 4846 3439 1808 3409 5715 3182 7318 8439 5412 8250 3007 8927
234 8419 5254 1841 2025 5996 8750 206 113 625 6380 8439 3534 2841 9497 7997 3285
235 9889 6723 3108 3173 4199 3304 2027 3116 7027 6897 8462 5683 238 1270 9722 6939 1923
236 1024 3202 6469 1002 6515 6484 9686 2391 8443 350
237 8168 8841 5514 1643 5997 6702 7535 9032 7538 1367 4472 4666 4143 4762
238 864 3842 6659 3316 3367 4393 6604 1869 2894 6324 1943 5624 3097 7162 7547
239 9474 836 4200 1033 951 1144 5715 4147 9076 7413 3063 8280
240 448 4576 195 2116 2217 9867 4589 2643 3683 5141 9451 6372 6298 9947 9461
241 3266 5027 197 5543 2794 962 334 8589 4400 5618 6296 79 9797
242 4706 835 6760 6908 6922 7148 398 137 3032 1883 7452 7997 7327
243 1347 5156 7779 2665 9610 5739 2225 427 8019 2838 91 5340 2621
244 3942 2184 6538 8078 9007 4976 6225 1618 500 9333 6583 5274 2333
245 1635 1797 7782 8587 461 4817 5202 3890 4863 3647
246 5537 964 1670 647 4489 9514 3215 3375 5296 5748 2559 767 6044 1501 8415
247 2918 5959 7048 4620 1229 5456 2962 1755 4349 8895
248 2327 1827 8293 8966 3271 1609 2807 9231 4760 4851 3735 1336 5625 2555 6236 1375
249 427 8068 8294 7686 5608 8745 587 6188 9711 3766 8762 5935 8668 9533
250 3299 6374 6607 2608 3315 399 8542 6710 6264 2778 207 7230
251 3169 3691 7140 919 2982 7153 9931 1803 9968 9713 6004 4951 2712 6676 7354 7036
252 4320 6785 5763 1668 8550 2823 3179 5902 9487 2643 6963 3927 8263 2915 4349
253 2401 2943 137 9644 2510 9967 6389 5337 890 475 7485 1087
254 4128 3553 6054 232 5322 9169 1362 2612 2040 2484 9882 3163 5532 190
255 7169 7619 9990 8904 1545 139 653 3600 9842 4035 9812 5301 9046 1370 3356 8989
256 5921 3606 9264 5867 1228 7726 3055 9552 8880 1299 6030 7222 6171 7772 979
257 6244 7461 6663 8331 684 2557 6355 8630 503 6040 5498 125
258 5184 1601 4674 427 3780 651 8450 4372 2078 1878 218 6683 9980 6494
259 7776 4455 5225 555 9651 1837 5939 7732 2422 2519 8826 5148
260 97 5282 150 6279 502 9930 1345 9075 3380 5686 3753 5016 5605
261 9952 2347 3716 2854 8422 8716 43 4844 1015 4313 2108 3877
262 3371 5826 2115 7524 5868 5803 9804 8207 4528 4049 511 745 2681 6843 766 8383
263 7296 9795 1412 9285 6225 7665 1226 3052 5265 4243 1846 6712 8346 4987 915 3953
264 5715 79 6530 5508 71 8681 2986 1719 365 8622 3821 5041 1586 627 3697 9528 9115 6015
265 7360 7490 2376 3012 935 7048 5507 8748 397 1229 5809 3474 3987 7350 9561 1082 6429
266 5216 801 7427 7460 8967 587 5421 1585 4340 5782 7639 7933 8062
267 1602 5307 6373 103 4360 5418 4396 4238 5393 6771 2971 2378
268 320 3617 4708 2422 5962 9007 5524 5502 3510 1463 761 1978 9246 8511
269 7902 3586 6075 1606 935 9128 6379 9838 271 9584 2643 2155 2164 1038 4824 4282 9790 7678 9205
270 2819 3894 8777 778 1771 1357 1487 6544 5014 2106 2687
271 9600 7365 1668 2021 5735 7496 2443 3820 8930 2775 3023 8145 2162 3733 8054 9463 9915 677
272 7170 6179 4614 4199 2274 1547 866 7918 5229 2032 5122 4299 3446 3095 5304 8697 7699
273 5186 8197 4871 7784 4586 1228 4686 7919 3505 274 7438 5846 377 7103
274 960 5506 5259 4214 1735 2091 6988 2288 9842 8118 1496 666 1308 5950 8581
275 6649 8196 5285 5286 8871 8488 5752 3243 3528 6101 3161 2776 2073 5660 8191
276 8673 7652 7878 6375 9256 8125 6986 4647 1292 3759 488 2292 6613 9016 84 4111 5340 6493
277 2433 5378 355 5799 6825 9004 7458 5455 658 8949 3543 6607 9757 2749 1534
278 1089 5988 5608 1324 79 3600 340 8088 7353 6234 29
279 576 6592 8515 4261 7783 842 5675 8876 4400 7480 4199 7388 7389
280 2288 8834 3716 8037 1639 7052 1127 5548 4045 624 7762 105 6325 471 3064 6060 5534
281 2785 4802 8214 1960 8521 1259 2510 8176 3656 5715 917 3030 8248 8281 6044 1405
282 6945 2 9219 5572 1797 2600 743 72 2122 5964 5326 9903 4977 9746 726 8887 8484 2751 9149 3678 2725
283 7219 2116 8389 2630 3341 2928 946 2675 7156 3989 7130 7322
284 4992 2240 6827 1509 7110 9009 3784 6935 1117 5256 4916 279 9979 1053 8383
285 7234 923 9476 7942 3081 3735 1517 1358 3504 4401 1239 8121 287 1212 9311
286 4034 5137 8746 6603 172 1933 2191 7089 3220 5655 5945 9402 61
287 6528 5506 7493 4326 6185 6636 6606 48 3314 2453 6680 8922 6490
288 7756 7463 1083 6247 5964 2473 7111 3692 5885 5439 7153 7657 5471 7356 1405 9439
289 416 6497 6947 7136 1574 4103 6056 79 5715 916 9940 7578 5340 6205
290 8353 9250 1411 9756 650 5870 8692 3022 8406 378 7644 3775
291 4457 2864 5509 5062 5609 6570 1774 15 5392 9938 1241 5849 7706 207 3324 2698 3205
292 321 4899 8996 1926 3210 1584 1431 6360 89 218 7519 1226 2751
293 5090 9094 6599 1320 4361 9516 509 7536 5715 3891 2007 6652 2074 5052 8477
294 1377 8423 6600 2986 7691 2060 9869 6318 9007 1880 7955 1015 9944 4348 7357 2943
295 1315 2119 7721 3946 6604 3917 7373 2448 3121 7709 181 9565 4055 1564 9341
296 6327 4966 8230 7851 2445 3726 9968 3032 84 3063 792 5657 1158 4511 3837 4702 8901
297 1856 9184 9122 3877 7305 1493 3254 4393 3512 8252 8830 6901
298 2288 4611 9284 2535 1575 5543 3276 5773 9678 3728 3539 4852 7079 1833 3111 526 1375
299 4489 865 1634 4869 8134 8648 5385 6701 8847 9621 8041 3161 5775
300 9408 5175 6404 5704 7913 6090 4011 4081 341 535 4601 5465 6878
301 5378 935 9353 8718 3791 6897 3246 4951 5848 1594 5007 6236
302 9216 1903 2436 8774 1610 3982 8047 7219 4803 8343 6233 1691 5130 1534
303 8406 9153 6274 2435 5572 2757 8903 4490 3012 7971 9460 8405 886 84 9020
304 9504 5729 5444 7207 552 1705 5578 7760 9013 3254 6040 2555 8193 4094 2997
305 6672 3427 8740 8166 1513 3082 8644 8336 6738 6710 1592 548 9211 8125
306 5510 5062 300 3436 5011 5173 761 3768 9401 6426 4501
307 321 5442 3068 8071 5769 6989 7438 9453 3388 5179 8988 9278
308 2240 2608 148 895 7012 1105 2695 5412 6064 2129 9939 756 7543 6937 4987 3839
309 6432 9834 4744 9450 1003 2285 2749 144 2456 8138
310 2848 3877 8125 9034 6732 7407 5425 7922 6393 3674 2492 2778
311 3841 2018 5507 6180 3316 3174 5245 8947 1972 2455 3353 4442 5567 6589 6527
312 2433 2114 321 5640 9961 1067 6030 7152 1169 2995 4404 5205 8761 2361 1439
313 5283 7204 5158 5676 9709 8879 9712 9123 5397 9718 2168 1881 2842 4687
314 5185 935 6570 8811 5452 7887 4496 5873 2067 1271 4543
315 5058 6340 9509 1611 9037 7539 9848 9018 6556 4383
316 6635 5956 4630 7238 1993 2986 2347 5261 4373 2294 9719 2557
317 8065 2960 139 8517 5991 5032 1265 8847 4144 9873 1625 6833 573
318 6081 8898 5157 6579 4843 712 7565 3848 8722 2931 2134 1787 8797
319 2592 769 5186 7204 4936 6537 2058 7659 3500 386 79 5608 7410 1212
320 1698 2821 3559 6476 7274 6855 9292 5166 8105 447 6260 6613 2263 921 1306 1127 8343 4837
321 6241 9314 131 6884 5541 1934 7047 170 7438 2962 3316 9589 8537 5433 5914 6116
322 5219 1934 1703 520 447 7502 9968 6472 9075 4532 6805 3671 9115 29 4958 7647
323 8385 8386 5862 2573 4270 8496 9552 1714 5698 9942 7608 1212 5437 9086
324 192 6305 3243 1605 9736 5481 6571 1804 1774 7092 6613 217 797
325 2555 3400 7273 8124 8462 4399 9968 2961 5235 4820 1174 8212 4187 4380 3580
326 3936 1025 2306 6625 7762 1359 2258 4598 8057 7609 766 2687
327 225 3830 2567 7112 2058 8487 2801 2003 8980 5238 8346 1340 8625
328 7392 929 2392 259 220 4554 6499 9635 6480 9041 7219 3990 3799 888 6651 3292 3839
329 8576 4955 390 5382 1647 9579 2029 2319 2962 7315 4981 9306 8027
330 352 3234 9125 8294 3018 6350 6966 5966 3638 2218 4248 8115 2399
331 7779 3877 810 3565 8047 1328 4467 3828 3811 1528 8308 1564 2975
332 98 1572 2535 7239 2952 551 7788 2925 4628 8271 9008 1908 310 7033 1117
333 2130 4182 7271 7307 7506 3830 626 8308 1045 2390 7743
334 6293 738 6692 3830 9256 2028 4653 2159 9666 17 3506 7061 7862 5784 8717 2133
335 1892 2853 6054 7153 844 1166 2672 113 4626 4020 7959 5124 9182
336 5920 4706 3493 5767 6888 9226 7311 2639 9968 2264 2260 6518 4504 1402 1563 655 2858
337 8768 3873 4867 3835 6703 4336 2068 2325 7732 4154 8687 61
338 4749 7522 267 4100 2146 4202 6635 7500 8237 8079 7088 915 4787 2327 4440 3675 8444
339 5344 5185 6434 612 7333 7432 1833 7211 3054 9903 3496 3310 2553 79 381
340 3043 5577 1643 3726 2288 500 7861 9495 2804 2011 6557 638 6101
341 9217 4712 3977 7498 4363 5292 6061 5488 6993 9842 5848 3321 2365
342 512 576 5747 164 8325 2439 3936 1664 2796 2445 9359 3763 6196 7861 8378 4445 1157
343 4352 8994 7043 805 8168 6636 2125 1582 7949 7824 6083 5652 1774 2774 6487 5336 6836 9007 8893
344 6176 1825 5762 3428 7398 4935 6613 9291 8044 2388 8693 4311 9274 1439
345 1376 8771 8100 1453 878 5967 7700 7576 7652 5818 7791 2717
346 3744 8546 7831 9254 7639 1708 3714 9518 3565 944 247 4057 350 447
347 1871 3243 5925 3006 71 4456 3849 2151 3051 8812 7949 7343 5425 2910 1129 3195 126 4607
348 7819 7653 935 2633 3395 3595 6557 8531 1461 3421 6520 6938 4636 7581 9541
349 5186 9446 1354 7437 8398 7288 3699 3188 2327 4472 4477
350 8929 6660 4935 9848 583 2155 973 9966 5552 4113 8210 8723 2260 5134 4824 605
351 4897 5412 1121 2695 2858 971 7438 8399 4369 321 3032 5045 3448 1114 8017 6357
352 5249 2530 6364 7818 1003 9244 2768 7091 9623 6842 3803 3516 5149
353 321 2114 5219 3364 933 7014 3752 425 6925 6606 6598 9224 2834 7027 4181 7657 9709 3043 5535
354 6595 2129 732 6410 7051 6258 111 8528 952 9074 4500 8917 5912 1807 8284 8445
355 5281 3147 6980 8945 203 5325 9326 8273 626 4707 5045 3012
356 9634 5572 7109 4712 8619 3309 7309 625 8431 975 124 2877
357 750 1093 1905 9640 8681 5962 7115 8269 9838 1649 9492 7861 7351 7417 3226 955 9404 670
358 2566 8744 7466 7180 9582 1042 2862 4214 8441 3067 5596 8970 9438
359 3968 7520 4324 4881 937 811 6439 3601 3521 8437 1019 7133 5813
360 8832 6785 1573 5416 5513 5815 3698 8270 5682 7156 6613 567 8345 3389 3237
361 9219 8406 5671 252 2251 3698 7661 2514 2003 8918 6615 2716 5661 4126
362 8675 3562 1003 4012 5869 5358 5007 9163 4086 6839 1625 762 4847 5789 6654
363 7648 4708 8903 2600 5002 172 3602 2685 6929 8818 9288 4988 7997
364 7936 7745 4234 8844 2191 1170 4693 3992 8505 6618 7100 2170 94 9013
365 9696 2752 8130 8068 3303 9545 202 8716 9966 7376 2897 4790 9418 153 330 7390 2943
366 9314 2555 1988 2023 5193 9643 2541 878 3824 8244 7822 8388 2683
367 3713 2660 8293 5319 5640 841 9931 7949 8082 6611 4286 5412 4573 1758 1429
368 8347 6468 8902 2343 3113 4075 7219 2772 5944 697 1275 3012
369 8224 2019 2980 2279 4775 2188 8498 6830 9075 9170 5251 4692 5400 8603
370 7856 3619 7845 3878 5127 6632 2028 6547 3877 4336 497 3123 4660 6485 2038 7127 2661
371 5601 2789 7978 5962 2962 4751 3122 6165 9656 3641 6842 2943 2205 1790 4863
372 321 230 9436 7762 9774 9277 7829 8370 8660 5557 5052 4829 9886 309
373 96 3074 3492 7589 935 6537 778 79 600 9298 2773 119 7288 644
374 2934 7847 3371 1932 7662 7997 7824 83 4054 8024 6134 3452 733
375 9792 8417 5762 5219 3686 550 1774 5867 7884 8621 9374 5912 1330 6014 4184 2201 9308 5790 7864
376 6752 1216 1139 9688 5512 8618 4620 4365 8558 5264 2257 8435 7575 4440 3196
377 4935 776 8873 1995 653 5938 8564 3003 5372 5628
378 5314 3971 229 9511 8775 9506 3534 9521 6290 2610 2038 4855 9669
379 8096 6752 4005 4801 1320 9449 4170 427 3436 7368 3062 9146
380 6827 9123 6692 3894 2615 5770 235 8173 3407 3408 5715 3021 6315 1942 5143 7928 4506 3717
381 4192 2817 1639 3146 7435 7442 5262 1389 4286 2450 3988 501 1534 5082 2555 9402 254
382 2849 802 8549 4456 3721 7980 525 2962 211 7637 8600 9401 506
383 9842 2114 8005 935 2602 9291 8076 3186 9845 4082 7987 8532 6398 7481 2843 4702 1247
384 4608 8546 8030 7429 8775 489 4778 587 9453 6702 79 4433 4147 9172 4606 6613 3422 4191
385 1024 977 6929 4348 588 3215 2737 2962 2516 2998 4855 8724 6778 8411 5372
386 4672 640 457 4035 4391 7528 4393 7 1228 6030 3005 7120 5715 2388 5397 5431 2680 603 1852 8029
387 6592 769 7429 6696 1576 4138 3021 9903 6161 1000 5913 2683 7836 8990 9663
388 1742 3936 8772 9926 7153 780 3438 6319 1137 9460 3669 2260 6971 2240 1149 1461
389 321 8263 2855 4016 500 373 5204 8091 2269 1022
390 8032 7873 5763 2377 7146 1835 1806 6608 5941 4345 6297 6101 1183 4309
391 9160 4011 1332 3048 5175 7603 5454 9361 2707 1364 935 820 1913 3770 6327 8894 8511
392 2017 5830 9926 4199 4732 146 4339 8212 6838 7128 284 5533
393 2 5348 2054 7718 5991 2217 4047 5554 6680 2340 8639 6527
394 2272 995 7174 6278 7662 9969 5458 1075 6613 934 7418 4411
395 321 1666 5251 4166 230 3368 8458 4043 8716 2 4560 3830 5507 4502 6394 1117 7678
396 8994 8483 6245 6825 9610 5669 6161 9842 1555 5343 4938 9726 2143
397 9253 4871 9160 1116 2572 4316 757 8887 8248 6265 5147 6108
398 3136 2978 8165 2226 5327 9616 978 7733 5975 7608 3023
399 7808 4065 9307 3524 1129 2702 5917 4750 6839 8857 2715 3389
400 8386 3396 9543 3508 3047 8994 9775 2288 6194 9075 5716 5878 8596 9626 1947
401 896 1984 1475 7382 7974 1319 73 3758 1935 3163 726 6327 1014 2426 1743 8733 4186
402 5762 8195 5572 2699 9668 9036 8361 5354 2347 8108 9842 8590 1042 8148 7177 921 139 1660 5214
403 514 2219 9094 8071 2444 2503 5740 9710 79 4528 4498 9013 3607 9469 3454 5727
404 2 678 3270 9544 7762 4908 205 3822 1839 2801 3602 3220 3606 6555 93 5182 9983
405 4993 5762 1436 6537 6573 7022 79 657 7096 9289 4664 1594 6139 8028 4122
406 9520 8483 6919 9377 1868 5821 4496 7665 3212 7092 7413 537 5405 3966 9023
407 6208 3522 7175 9992 8265 398 979 6581 8617 856 4185
408 7265 3316 6119 3917 7731 4276 9013 6230 4343 8152 2900 6044 3934 2399
409 9674 8578 3032 7973 4679 7178 5355 4024 596 935 1238 7159 6506 4476 7197
410 6563 870 1787 9129 9419 7120 5457 5683 3125 2121 5271 2361 2842 3611 1757
411 6016 2114 8775 6730 7371 9437 3251 8821 8886 536 6778 6205 7285
412 6273 3074 2531 2953 1259 2188 2288 912 9624 4338 8248 344 8556
413 2784 1187 7972 5349 9199 5437 2153 9115 8685 1102 7725 7791 7973 4361 5435 6909 4543
414 2 6500 3301 9958 6727 3913 3982 6481 3957 3881 8920 7801 1562
415 2402 7684 3557 8849 2057 5194 7312 632 883 4212 6328 7257 5930 979 4159
416 9539 2724 9704 9099 3885 5520 7121 7543 2584 8381 2271
417 1025 4324 6118 8839 4824 5328 7480 8179 564 4184 6938 8059 860 7486 6111
418 6240 7776 1571 7302 8236 6892 4109 1487 1842 6099 4478 5647 3261 9694
419 2336 8554 1892 4858 8009 6666 4847 378 9462 9370 8655 7069 2174
420 2288 4098 4356 5702 5095 2760 4522 3159 6530 5103 176 5905 1906 3635 2013 4277 6007 3032 8189 4831
421 9664 1984 6371 1105 4871 712 3656 2765 6088 2243 1783 3355 2591
422 2240 3139 4392 9867 2701 1710 7199 915 886 7319 921 3135 3164 3197 3103
423 1760 1089 4739 5185 4737 9192 5513 5962 5447 1037 4942 3376 9586 1374
424 2240 912 5858 6979 2980 6245 935 2985 5122 2735 3312 6674 7222 9641 8986 7391
425 4765 8386 4198 1927 9244 3463 1725 6737 852 4021 792 409 7791 8092 3645 2655
426 7200 4705 3363 3491 9384 1299 7243 2221 1074 6995 4372 5654 1259 7577 9306 9499 1726
427 7691 8867 3492 6055 5930 1771 7153 559 9745 4170 4086 1177 6346
428 6401 5283 7652 231 5451 779 3663 4643 5940 8502 7799 5402 9199
429 897 6821 3728 6337 8075 6413 9455 656 2136 4437 9857 3832 3964 3677 8830
430 2 4838 3818 3831 5869 3406 8335 3922 8371 7092 4633 6872 2329 1241 2986
431 9024 7652 8965 4391 2920 73 7179 78 2760 5422 9429 7289 382 1183
432 7915 6533 3081 747 4142 208 3090 2419 3032 6539 5119
433 8160 6209 9861 2983 4136 3784 6920 2609 2962 1555 2751 8174 1430 9139 251 5053 6014 1279
434 8224 5058 8453 4805 4684 8272 709 181 4150 953 5759 2173 5823
435 732 4357 5480 297 2890 2094 8797 3320 7603 9107 2360 7708 4554 606 2533
436 6208 5505 8491 5095 2121 6218 6987 2429 1459 6455 3161 5468 9405 9887
437 4067 932 1349 2662 4589 2861 6707 9524 5717 3134
438 5443 7785 3466 5675 6380 8430 1552 5075 569 216 4729
439 4609 5531 9860 1670 5318 9452 2797 9071 7216 6324 3989 8525 8375 4314 3023 1052 2334
440 5507 4996 3830 5446 7 712 2677 5455 9777 2258 3092 8533 22 3957 1755 9333
441 8674 356 3820 7851 8460 6575 3728 3986 948 8661 2134 2935 7866 9367
442 3168 5252 9829 2599 5512 4430 3312 6002 4341 3990 5146 7822 3758
443 5952 9537 6051 1860 518 8454 3100 1162 139 8644 2104 3140 2842 3804 957 1150
444 9379 8644 6501 7942 4681 4011 6480 5715 3875 468 5219 4600 7732 3578 1372
445 4203 3498 171 1645 5231 2066 7710 3357 8629 6968 4442 9917 1918 9237
446 7264 3824 1058 867 7302 5287 4841 176 2864 2097 210 1720 6906 2555 5500 478 7883
447 6720 4096 2436 9864 4650 4176 4656 7880 1234 4660 6520
448 4131 453 2953 7799 8972 3757 7949 6899 6679 9402
449 199 7945 7242 6220 2381 6512 6547 5558 4041 1592 6170
450 3939 5957 6086 7175 7880 5549 3982 6258 2518 2962 4639 4825 3803 9182 2111
451 9842 7219 6584 1560 937 4138 4531 1038 5329 6834 2483 5748 7861 5240 6681 8027 5404 5725 766
452 8864 7233 7138 8457 330 8994 9336 9650 2931 1272 1594 1979 1630 8223
453 6436 1605 742 8745 3691 560 1489 5971 6228 7699 4062 1951
454 4800 9285 7911 5706 5323 4498 9968 2130 919 3111 6938 9663
455 1026 3657 3949 5518 6637 3761 4882 4410 8285 3966
456 3104 2305 1798 1544 6142 4158 2669 6834 1363 8116 1333 3064 6238 469
457 6147 388 8134 9416 6411 4172 3470 7153 7250 5523 7252 6040 4313 538 6685 4958 8607
458 7680 1256 4489 7277 79 9129 7699 7700 5758 8470 5385 9018 8347 5948 8521
459 9729 6755 7553 1864 6507 3693 6920 9903 624 3368 5815 6778 8155 8687 7069 3230 8683
460 9504 1507 5283 1430 79 2155 4333 6349 7537 9811 5339 7030 4663 8441 2159
461 1408 7489 8521 5739 333 2671 6547 1464 9081 634 5053 1471
462 9123 6006 6664 4907 8669 9259 8596 9334 6557
463 6113 2242 2406 321 3176 8521 3754 7933 5712 6386 3539 951 5529 8858 3675 925 9407
464 8368 898 5062 7302 744 5417 2924 4130 1742 4269 2256 1269 9904 3525
465 2 6339 6308 8873 2986 5998 1646 6006 599 5060 3450 5629
466 4032 8772 3894 6926 6928 5138 9491 8886 6232 1853 3455
467 8379 5132 2539 108 8430 883 4142 215 8473 9019 7292 8221 1119
468 9968 2434 2757 1255 5706 8331 834 5677 3536 3571 1364 9718 9885 9118
469 1159 5224 9737 80 6424 2643 3987 9557 2934 3625 2488 2973
470 5869 6827 6883 3012 3301 6472 4842 3211 6888 14 7023 8752 3473 4082 2155 917 925 4005
471 7296 8097 2480 2147 8104 6214 1889 2536 6795 7762 2893 4045 7344 7448 3250 3971 6388 7733 5323 2104 4912
472 7040 752 9122 261 3591 72 1281 3182 7952 7762 9107 1494 792 979 1407
473 1251 5380 3240 3100 5355 3012 9682 7124 3097 122 9308 6270 2015
474 4352 4434 4770 3683 9380 7949 8908 5730 2063 7026 9059 2164 3894 4985 5156 314 3452 7678
475 5633 3074 9411 3783 9070 6031 2385 2962 8851 3060 9589 2519 5401 6101 3221
476 3329 3894 9831 3271 5032 8777 5291 9197 4402 8307 4084 3286 183 7736 9113 7772
477 9472 1040 3371 7428 1221 8040 5193 4555 720 1841 1748 9892 3103 5023
478 7516 8568 7524 1160 2121 1757 5464 5748 4597 2198 8760 6376 6778 4252 4061 2685
479 8736 5515 6408 8778 4907 1105 8083 2282 6106 7867 7773 1054
480 2592 3841 5602 6177 3457 6664 6547 494 2674 8083 2773 4760 9914 4507 830 2240
481 8160 2240 5026 9475 5846 9990 3510 3787 1106 1074 7166 4054 5530 2140 5150 3839
482 736 3427 6116 3086 4815 1425 1668 8499 7160 4184 9657 5274 9711 2997
483 545 2 4933 4934 6407 2925 366 6381 2961 9842 83 2357 2771 79 2076 8062
484 352 9409 5592 9921 3912 7306 555 5388 5133 5169 6962 513 6584 9629 1086 2240
485 3911 6600 4588 3758 8528 9009 1589 5238 2457 3226 3804 3807
486 32 1376 5378 229 8429 9102 6160 5077 6201 9467 4380
487 224 8161 6531 3524 4485 8614 6029 8270 8529 3555 853 4443
488 4800 6304 162 2121 6828 9933 7791 4146 527 3995 5470 255
489 5058 5827 2564 4450 5037 1610 8941 7470 7055 1429 6169 9820 8693
490 4001 1666 2979 4162 2758 3783 745 9202 5198 3856 6001 6739 6483 9208 824 4286 351
491 1799 1002 5771 2700 7533 93 3821 2707 948 1206 2904 9723 3658 6079
492 609 9764 7782 9382 296 3337 7947 6258 2863 4024 3602 2163 1524 4982 2552
493 4001 6595 3012 321 9064 1353 6538 2571 7024 1329 6999 4697 8093 4030 7103
494 9122 5091 1444 1896 2155 5202 9006 9745 8722 9299 1492 6332 4509 4626
495 2240 5507 580 4616 6088 5579 2669 1038 9841 2216 9469
496 3488 3520 2405 7369 5783 2796 5103 4178 7639 9210 6395 9534
497 2240 7489 6182 4129 7532 4944 6936 5463 8504 219 285 6494 1343
498 6112 6817 6786 7035 7076 4391 34 5561 5785 9243 1663
499 67 5637 135 8074 1675 5964 3982 5733 4401 626 2675 345 9693 3839 1981 293
