100
0 129 132 1287 9 396 18 448 1045 535 4740 28 797 6302 31 2337 419 164 165 4135 43 45 436 1209 62 320 66 9030 72 330 75 76 838 100 362 110 249
1 0 2 3 6 1290 139 14 17 20 32 422 40 3626 49 307 4535 58 3772 65 67 3400 201 974 2128 91 869 145 233 749 113 1780 4727 378 892
2 0 1 2 3 5 7 8 9 138 11 12 3725 18 19 20 921 28 29 35 2780 423 604 816 3506 442 317 4287 68 7493 77 3666 476 1502 225 482 110 120 378 703
3 10 7311 17 146 3220 25 31 43 47 1202 52 57 58 187 60 9354 62 63 453 712 74 846 81 215 2648 1114 6239 229 488 113 20
4 259 22 1032 11 12 3348 150 3999 40 43 44 46 1071 178 3380 567 1204 443 444 62 325 457 78 335 208 343 90 482 6203 100 103 877 119 122 123 766
5 0 1 3 4 5 129 904 3849 2571 1292 13 15 16 18 131 23 25 26 559 176 821 182 183 56 57 62 1461 86 728 347 92 353 104 362 1263
6 6 7 1032 3756 266 11 12 15 17 20 2072 154 218 3870 162 35 428 692 438 52 501 4705 3784 802 9424 2772 2264 2138 7899 225 610 5091 401 104 490 3052 623 117
7 0 51 2 3 5 8 137 2316 141 16 4371 22 68 27 30 31 805 38 295 552 435 74 63 64 580 2506 3929 218 478 356 101 243 381 254
8 4356 902 1388 10 652 9538 274 917 22 6660 2586 161 290 37 1580 51 4916 59 188 62 1343 66 196 74 75 460 78 85 1122 867 6892 18 3185 114 117 6394
9 0 1 2 3 4 5 6 7 9 138 6304 12 14 20 6038 24 30 32 1571 2216 554 1077 57 3898 59 64 160 68 197 74 5451 2381 78 719 79 483 113
10 0 1 2 3 4 5 6 7 8 137 279 13 63 18 151 4420 159 34 37 301 176 62 831 65 1419 708 583 290 4310 2010 95 2660 1253 5478 617 1142 119 6011
11 0 1024 2 4 5 7 9 12 13 8851 2583 25 282 1307 86 29 31 7328 806 554 47 51 53 188 66 72 2188 726 3292 6624 6882 7918 1135
12 0 1 1410 3 389 6 7 8 393 11 3724 399 16 19 404 29 1310 5 36 37 129 44 45 1199 4529 52 199 1867 87 100 2153 623 368 113 383
13 2241 264 2185 138 146 531 20 150 5280 162 292 37 497 46 2735 432 54 188 1482 19 4033 310 327 74 2466 595 4055 88 986 2653 98 235 8944 113 114 4051 7284 119 1406
14 0 1 3 4 6 1687 13 16 3986 789 22 23 324 1183 33 9512 303 48 6577 1076 311 3001 61 68 141 227 185 99 1387 237 240 21
15 0 1 2 3 4 5 134 7 905 10 12 130 14 18 2841 27 285 158 7585 2339 753 552 43 243 9907 439 57 1290 65 69 71 2890 82 339 1495 2527 98 110 1263 368 40 211 3198
16 390 143 88 533 1303 28 1438 2857 1835 968 50 3255 443 61 319 1986 8262 15 1995 78 2516 216 347 349 863 97 17 2280 108 9969 7209 575 124
17 0 1 2 264 12 13 16 530 579 23 26 154 32 34 2502 4651 49 64 160 4291 70 200 201 2382 1116 228 5227 19
18 0 1 2 4267 4 5 6 7 9 11 140 270 6061 387 534 283 5789 31 160 176 43 173 1070 3888 60 2165 1857 465 338 83 212 89 3045 885
19 131 4 517 262 4106 268 5902 26 34 676 5926 808 41 2990 50 309 2615 315 60 522 66 70 1608 80 726 606 864 105 1930 1395 117 4471 888 6393
20 0 1 2 3 4 6 9 11 14 527 16 17 18 152 27 2591 560 549 295 2600 943 3632 1589 185 66 71 80 597 15 9825 99 110 244 3706
21 0 1 2 1924 5 7 136 9 919 12 16 4247 24 4 538 5661 29 799 41 4911 49 51 31 60 190 63 199 1869 1229 2384 852 2264 2148 8687 7161 125
22 0 1665 2 3 4 5 1158 1 8 9 12 13 1039 18 404 24 25 27 901 36 41 7 2989 180 1461 65 709 583 1737 3156 3935 608 232 233 369 500 886
23 0 1 2 3 5 6 7 8 9 12 23 3099 28 4766 160 7202 43 45 430 48 52 68 70 7881 8909 78 1109 623 4723
24 0 1 2 3 4 5 7 8 11 9740 15 1428 24 155 29 133 8480 35 3878 41 42 299 5165 197 74 203 81 216 399 934 232 2546 116 1655 126
25 4225 3 6 8 10 2007 141 15 17 19 405 22 26 7322 30 33 165 553 48 566 215 7242 1743 464 2770 4311 728 143 95 98 230 5482 505
26 0 1 2 3 4 5 6 9 138 14 3600 18 1047 28 1029 803 549 38 199 7726 182 31 61 318 5381 711 79 721 4387 5974 725 902 1290 609 227 977 105 5747 116 84
27 0 1 2 4 5 6 7 9 10 11 1922 16 1427 20 1056 35 113 40 176 1981 64 709 71 74 4557 464 93 97 231 235 241 19 9334 252
28 5 6 9 10 653 273 19 532 21 30 32 36 37 558 50 158 2486 55 59 61 191 2625 76 6607 2384 6481 86 90 3677 2272 98 5603 743 9577 1003 118 20 255
29 130 4867 6021 9479 520 778 139 12 15 144 23 25 539 33 1963 3117 436 2747 1217 194 195 709 584 333 79 80 467 727 6491 92 861 1360 3563 6257 242 9595
30 6 267 12 142 1167 17 1298 19 22 24 26 1263 7325 164 45 944 49 3636 438 2746 60 320 66 822 860 487 491 364 367 113 2812 1022
31 0 1 2 3 132 5 6 7 8 9 14 16 19 2580 21 8473 24 4 34 4259 39 48 50 3000 449 204 184 722 3097 1365 7641 2400 867 869 81 110 9848 124 120 1557
32 0 1 2 3 4 390 64 10 7691 12 14 18 20 21 26 154 5921 38 42 686 4061 5168 53 2614 320 11 69 72 2378 88 733 113 242 2419 4345 2325
33 0 1 2 3 4 5 6 7 136 14 16 145 19 20 25 8601 901 1572 44 45 46 8 440 188 701 64 2627 68 3532 204 3097 341 479 6628 3173 240 115
34 0 128 2 131 5 6 7 876 10 1675 173 16 17 18 1301 665 26 27 155 1188 165 38 39 3369 42 4353 941 53 3894 9 138 708 4055 487 1004 4498 4977 120
35 2 4 6 263 8 10 11 12 13 14 3215 18 405 22 25 24 665 4765 32 43 1452 307 696 57 5823 448 74 3537 855 15 349 98 2148 102 1721 2032 1395 119 121 1151 21
36 5 10 12 13 147 46 7833 28 3358 1951 35 3110 433 40 41 43 174 1713 312 59 2108 1855 712 202 77 6611 87 859 349 1638 1902
37 0 1 3 4 6 7 128 13 15 16 3097 29 287 32 162 164 687 7984 3511 56 2491 65 200 2377 4309 472 548 3471 1372 4701 606 5603 1402
38 3969 645 2824 138 1291 12 13 1681 915 276 22 413 288 419 945 46 175 177 438 441 65 591 1621 87 5214 2656 611 106 679 127
39 0 1 3 4 9 138 3853 5006 15 17 18 20 1174 795 28 5921 801 290 6691 454 40 301 49 186 67 70 583 3401 98 601 92 862 3554 1010 115
40 2 1283 7559 5514 1420 642 142 3217 276 281 6554 1135 2208 5409 27 1573 168 3754 7 173 48 3640 185 576 328 203 460 269 1104 348 865 17 367 40 6651
41 0 1 3 5 134 8 9 10 11 141 19 6166 24 923 163 38 46 2868 309 54 2615 283 569 437 74 78 184 84 6656 2142 481 2153 620 112 120 251
42 0 1 2 3 4 8 138 13 14 16 22 23 6303 2848 34 1191 424 681 176 440 5187 68 334 1107 731 861 2944 3689 3054 8176 40 7031 2426 127
43 384 129 8 2060 18 154 26 414 805 1323 48 1073 2099 9268 55 60 63 64 96 7114 6862 2896 2130 474 91 478 863 864 100 613 488 402 495
44 2179 1366 137 651 526 18 22 261 930 8868 174 303 3122 59 62 195 708 5573 326 162 336 337 1622 36 352 98 624 505 2300
45 0 1 2 3 7 8 47 10 399 771 917 2454 153 27 1310 37 1501 59 138 966 72 1229 85 855 15 93 106 371 504 507 254
46 0 1 2 3 4 5 6 129 9 128 11 1293 14 15 131 2837 22 152 389 8743 1576 52 5435 63 448 65 1091 1098 739 6869 143 59 505 6397
47 0 1 2 5 7 8 108 138 12 8719 17 148 154 155 26 31 36 37 168 45 47 1416 51 54 9 67 71 3662 1495 867 9831 104 234 492 494 5618 4204
48 0 1 258 3 4 5 6 321 8 138 12 13 405 4247 28 31 32 35 1572 2566 552 45 4912 49 52 3516 61 577 2 2377 2381 3550 1254 361 112 1906 21
49 0 1 3 7559 6670 1041 20 1557 4374 9495 26 28 158 415 33 35 36 1585 42 7 300 45 48 945 2610 5428 1972 700 61 71 9230 1112 859 482 583 167 766
50 2 43 132 2693 6 705 8 11 16 145 3218 404 154 284 4512 5163 817 1589 1975 63 449 9412 966 456 55 3675 4189 607 98 6502 3947 240 1524
51 0 1 2 3 5 6 138 1035 780 14 20 155 284 1063 297 180 185 2620 12 9165 81 4946 468 345 93 225 487 1383 493 127
52 134 2184 268 2704 4893 30 32 33 3620 293 295 40 44 55 58 63 192 1734 71 1482 2510 82 7379 85 214 292 93 613 39 850 110 424 370 6388 120
53 0 1 2 3 4 133 6 135 1032 140 16 23 2328 155 3102 5 32 161 34 4132 1958 168 681 240 60 6845 192 583 7241 600 96 6121 106 366 496 120 874
54 11 12 15 2192 18 147 8982 452 26 667 413 44 687 53 314 59 319 64 3906 580 198 71 2444 92 107 239 116 63
55 0 1 2 3 5 6 7 8 9 10 12 15 656 19 7701 22 23 25 797 30 31 165 554 173 175 1737 58 138 715 68 967 1225 203 77 83 97 2033 377 126 127
56 0 1 3 4 7 8 141 18 9749 279 2076 29 6432 39 168 426 174 50 7484 64 71 593 728 222 98 243 120 379 1148 5117
57 0 1 258 1155 4 5 7 8 10 2 16 145 18 3 20 24 154 29 31 34 37 166 43 60 829 79 4304 977 90 1061 401 238 113 6269
58 128 1 7 9 16 19 24 27 32 36 1318 41 44 46 51 52 54 573 160 9539 2500 3530 76 228 101 361 239 2033 246 2153 254
59 8450 1334 1156 5382 1800 428 14 17 914 19 150 152 26 27 545 1059 38 169 684 2736 3126 183 57 4672 325 71 1098 55 923 82 85 6357 733 736 103 873 621 878 756 6135 504 6138 763 2430 8149
60 7296 2 261 6281 11 13 14 15 23 3229 30 2848 162 35 5029 38 40 9770 2741 9 586 320 2501 583 74 55 98 77 1619 7770 226 1382 492 424 118 379
61 260 651 13 401 5656 667 799 688 27 7723 48 178 155 58 444 317 2622 194 714 458 76 1878 216 91 476 221 102 4455 1256 115 1271 3964
62 0 1 2 1283 4 5 6 16 147 148 277 6937 9755 28 158 4127 32 27 1310 31 60 62 191 69 582 7624 6224 84 85 121 89 732 479 608 3 98 187 999 7252 469
63 0 1 2 3 5 7 8 10 9486 60 17 3054 27 28 1056 155 933 6428 298 559 176 177 138 316 445 5313 451 68 466 14 87 859 2148 1425 1257 108 110 829 499 1652 41
64 0 1 3 4 5 7 8 9 10 11 12 13 17 20 7189 29 32 9584 679 40 48 7860 58 60 191 1738 75 2642 96 355 229 236 210 111 112 6769 1021
65 134 8 9 394 14 138 17 18 3860 21 25 28 29 30 289 34 6 38 41 45 51 8886 8970 63 7752 5708 81 1422 86 7260 99 273 5482 107 3692 115 372 253 469
66 0 1 2 3 4 9 10 12 14 16 3730 2179 34 4775 554 43 4654 178 435 54 2190 2647 2138 3292 7007 874 1901 111 112 1906 1912 4347
67 0 1 2 3 5 6 641 9 10 1671 4354 16 579 3476 535 4508 36 170 299 47 51 52 58 64 67 8912 81 3975 217 9824 8080 110
68 0 1 2 132 5 6 7 9 13 16 1688 23 24 410 27 29 177 681 46 49 308 54 56 1215 320 9161 595 599 224 1122 1637 1127 618 4594 115 244 2933 120 63 126
69 12 525 660 21 25 3612 669 7328 161 3490 5542 2343 3372 49 2741 73 56 2420 3130 187 9148 5954 66 70 2633 1490 216 498 243 244 3062 892 126
70 342 390 13 1934 146 2453 150 5016 936 14 45 7470 52 55 59 63 67 202 6967 80 593 75 339 5262 1878 94 1887 359 6005 124
71 0 1 2 3 4 5 7 9 10 151 6924 14 15 18 919 25 26 155 30 31 32 33 290 163 67 3271 204 78 1360 83 214 8151 1634 355 1645 7406
72 5 8 138 12 17 275 22 408 29 806 5415 173 6190 47 1288 4281 192 66 708 1094 72 75 76 84 24 1495 2398 7651 1519 114 243 1912 200
73 4 1542 10 267 14 4653 7056 2579 8855 9880 5658 26 38 39 1965 46 2096 49 50 309 55 56 57 7866 3649 66 11 206 80 465 477 869 487 111
74 0 1 3 4 5 7 9 11 13 8334 16 17 1170 531 20 23 27 31 677 4911 50 56 5450 843 80 2386 14 1623 2522 37 223 226 9837 366 8699
75 0 1 2 3 6662 1671 778 11 14 3215 1296 17 29 2207 33 2725 39 1193 3244 3247 50 53 6 1759 65 8271 850 2264 911 37 479 401 109 1915
76 0 1 2 1540 7 777 1675 2446 18 4884 22 24 132 36 678 5415 175 691 9 56 66 11 452 7749 967 72 206 208 2638 86 395 94 80 355 102 4588 367
77 259 11 1005 148 28 185 35 40 42 6188 174 1455 5432 313 59 7105 66 195 324 1221 969 75 4431 7636 5463 473 6491 1374 354 6760 3561 109 495 4347 554
78 9219 4 5 6 12 14 7055 16 18 3 7451 33 35 342 4134 51 60 1085 63 64 321 196 5445 583 968 333 355 9174 1250 227 111 242 122 5245 126
79 263 8 9 11 142 2321 8978 19 148 6165 6554 924 41 45 174 47 6450 308 950 183 58 63 3011 7777 72 329 8270 466 7771 93 2401 5233 1266 755 888 633
80 0 1 2 4 5 6 129 8 9 10 12 14 9872 17 20 21 22 155 30 40 43 46 68 968 73 1869 3406 5603 7123 87 345 355 5860 8423 107 647 467 903 245 252
81 0 1 2 3 4 5 7 8 9 10 524 2191 16 7320 659 8728 27 35 423 692 61 68 71 1226 333 2771 2389 342 4439 1624 476 98 2789 2136 6773 2424 123 126
82 0 1 2 3 5 1671 9 10 14 18 24 3097 30 291 38 40 50 51 56 573 832 72 844 79 214 3545 731 349 224 1506 739 1260 1779 118 1144 249 7677
83 0 4225 3 4 5 1 3976 522 2063 17 19 9876 21 24 900 155 30 33 418 37 168 519 3244 48 54 195 79 849 3975 7 89 474 15 131 1895 366 112 2035 3067
84 0 1 2 3 4 263 11 45 16 17 7699 660 24 537 28 159 33 4642 5667 42 370 60 708 2246 1737 3618 6868 94 95 1384 362 621 878 2034 2420
85 4864 645 1415 8 10 144 17 2839 25 1711 773 35 166 40 41 170 685 46 559 50 6729 138 319 2500 1093 73 202 846 78 16 996 145 106 6381 243 6261
86 0 1 2 3 6 7 10 151 1502 17 19 21 23 26 162 4773 1959 308 53 54 568 441 1088 329 588 802 5078 89 222 37 995 1257 3184
87 918 6 151 13 142 399 1427 22 23 24 25 28 5534 159 928 291 550 2716 30 32 5 1219 70 2076 77 6926 729 220 1501 1248 227 869 106 114 2848 757
88 0 1 2 6 7 2952 9 11 12 13 14 15 274 21 22 24 412 549 41 301 44 1581 8 172 54 697 2491 2763 8017 85 90 37 96 3447 618 237 1263 297 1272 4266
89 4 5 6 9 2570 12 14 19 8558 24 25 31 32 34 675 9514 4547 1465 67 199 968 2060 7378 4051 1129 472 97 99 361 8942 579 3475 1015 126
90 0 1 2 3 4 5 7 12 13 14 1809 22 24 29 2335 929 37 554 3755 944 181 56 2108 450 968 79 6354 467 4189 1632 232 115 122
91 0 1 3 1028 1671 8 10 14 406 26 27 28 4260 40 426 3244 48 53 329 56 1465 586 2367 585 1866 463 2001 1038 1494 3684 101 2513 237 111 1279
92 0 1 2 3 4 5 6 8 11 15 16 17 18 20 277 150 24 27 33 35 1321 43 183 2371 55 208 84 1624 89 348 1505 227 101 1131 468
93 6400 384 4738 2181 65 8 10 11 525 109 17 789 542 7234 3115 3247 48 184 57 58 316 193 66 8779 461 849 3030 5336 9948 186 231 106 493 110 239 242 127
94 900 262 263 8 265 10 11 143 18 659 795 1180 4421 33 35 39 46 6962 310 137 330 68 581 4679 841 458 1484 5710 4022 89 730 355 100 243
95 9 141 1039 528 532 9365 26 28 33 39 1962 44 173 561 52 313 59 1732 1993 13 336 81 466 90 2383 3422 997 107 4591 276
96 1153 8 138 146 20 5912 25 667 1692 1575 1320 42 947 4538 6459 193 963 197 1350 1099 1228 341 344 4062 4448 484 8166 2027 4204 239 1192 8050 247 241 761 383 252 7679
97 0 1 2 3 4 6 7 9 11 12 13 18 21 23 24 287 7457 197 36 38 129 2475 47 50 54 329 1468 6341 673 4425 85 727 3295 225 115
98 0 1 2 3 4 5 6 3083 14 15 18 2712 921 30 51 859 7717 38 39 1069 307 57 395 1732 75 6608 6008 88 1423 355 166 4711 494 2546 3064
99 0 1 2 3 4 133 7 8 9 15 4625 21 3738 28 31 34 548 39 296 46 175 3849 5817 64 203 708 75 726 3364 476 102 870 104 4589 756
